{"meta": {"format": 3, "version": "7.13.5", "timestamp": "2026-03-26T17:19:45.984972", "branch_coverage": true, "show_contexts": false}, "files": {"app\\__init__.py": {"executed_lines": [], "summary": {"covered_lines": 0, "num_statements": 0, "percent_covered": 100.0, "percent_covered_display": "100", "missing_lines": 0, "excluded_lines": 0, "percent_statements_covered": 100.0, "percent_statements_covered_display": "100", "num_branches": 0, "num_partial_branches": 0, "covered_branches": 0, "missing_branches": 0, "percent_branches_covered": 100.0, "percent_branches_covered_display": "100"}, "missing_lines": [], "excluded_lines": [], "executed_branches": [], "missing_branches": [], "functions": {"": {"executed_lines": [], "summary": {"covered_lines": 0, "num_statements": 0, "percent_covered": 100.0, "percent_covered_display": "100", "missing_lines": 0, "excluded_lines": 0, "percent_statements_covered": 100.0, "percent_statements_covered_display": "100", "num_branches": 0, "num_partial_branches": 0, "covered_branches": 0, "missing_branches": 0, "percent_branches_covered": 100.0, "percent_branches_covered_display": "100"}, "missing_lines": [], "excluded_lines": [], "start_line": 1, "executed_branches": [], "missing_branches": []}}, "classes": {"": {"executed_lines": [], "summary": {"covered_lines": 0, "num_statements": 0, "percent_covered": 100.0, "percent_covered_display": "100", "missing_lines": 0, "excluded_lines": 0, "percent_statements_covered": 100.0, "percent_statements_covered_display": "100", "num_branches": 0, "num_partial_branches": 0, "covered_branches": 0, "missing_branches": 0, "percent_branches_covered": 100.0, "percent_branches_covered_display": "100"}, "missing_lines": [], "excluded_lines": [], "start_line": 1, "executed_branches": [], "missing_branches": []}}}, "app\\analysis.py": {"executed_lines": [12, 13, 14, 16, 18, 20, 21, 28, 29, 30, 31, 32, 33, 34, 35, 36, 37, 41, 44, 45, 47, 83, 85, 96, 97, 98, 100, 103, 104, 105, 107], "summary": {"covered_lines": 31, "num_statements": 31, "percent_covered": 100.0, "percent_covered_display": "100", "missing_lines": 0, "excluded_lines": 0, "percent_statements_covered": 100.0, "percent_statements_covered_display": "100", "num_branches": 8, "num_partial_branches": 0, "covered_branches": 8, "missing_branches": 0, "percent_branches_covered": 100.0, "percent_branches_covered_display": "100"}, "missing_lines": [], "excluded_lines": [], "executed_branches": [[30, 31], [30, 41], [32, 30], [32, 33], [34, 35], [34, 37], [97, 98], [97, 100]], "missing_branches": [], "functions": {"_build_macro_context": {"executed_lines": [29, 30, 31, 32, 33, 34, 35, 36, 37, 41], "summary": {"covered_lines": 10, "num_statements": 10, "percent_covered": 100.0, "percent_covered_display": "100", "missing_lines": 0, "excluded_lines": 0, "percent_statements_covered": 100.0, "percent_statements_covered_display": "100", "num_branches": 6, "num_partial_branches": 0, "covered_branches": 6, "missing_branches": 0, "percent_branches_covered": 100.0, "percent_branches_covered_display": "100"}, "missing_lines": [], "excluded_lines": [], "start_line": 28, "executed_branches": [[30, 31], [30, 41], [32, 30], [32, 33], [34, 35], [34, 37]], "missing_branches": []}, "generate_market_analysis": {"executed_lines": [45, 47, 83, 85, 96, 97, 98, 100, 103, 104, 105, 107], "summary": {"covered_lines": 12, "num_statements": 12, "percent_covered": 100.0, "percent_covered_display": "100", "missing_lines": 0, "excluded_lines": 0, "percent_statements_covered": 100.0, "percent_statements_covered_display": "100", "num_branches": 2, "num_partial_branches": 0, "covered_branches": 2, "missing_branches": 0, "percent_branches_covered": 100.0, "percent_branches_covered_display": "100"}, "missing_lines": [], "excluded_lines": [], "start_line": 44, "executed_branches": [[97, 98], [97, 100]], "missing_branches": []}, "": {"executed_lines": [12, 13, 14, 16, 18, 20, 21, 28, 44], "summary": {"covered_lines": 9, "num_statements": 9, "percent_covered": 100.0, "percent_covered_display": "100", "missing_lines": 0, "excluded_lines": 0, "percent_statements_covered": 100.0, "percent_statements_covered_display": "100", "num_branches": 0, "num_partial_branches": 0, "covered_branches": 0, "missing_branches": 0, "percent_branches_covered": 100.0, "percent_branches_covered_display": "100"}, "missing_lines": [], "excluded_lines": [], "start_line": 1, "executed_branches": [], "missing_branches": []}}, "classes": {"": {"executed_lines": [12, 13, 14, 16, 18, 20, 21, 28, 29, 30, 31, 32, 33, 34, 35, 36, 37, 41, 44, 45, 47, 83, 85, 96, 97, 98, 100, 103, 104, 105, 107], "summary": {"covered_lines": 31, "num_statements": 31, "percent_covered": 100.0, "percent_covered_display": "100", "missing_lines": 0, "excluded_lines": 0, "percent_statements_covered": 100.0, "percent_statements_covered_display": "100", "num_branches": 8, "num_partial_branches": 0, "covered_branches": 8, "missing_branches": 0, "percent_branches_covered": 100.0, "percent_branches_covered_display": "100"}, "missing_lines": [], "excluded_lines": [], "start_line": 1, "executed_branches": [[30, 31], [30, 41], [32, 30], [32, 33], [34, 35], [34, 37], [97, 98], [97, 100]], "missing_branches": []}}}, "app\\auth.py": {"executed_lines": [1, 2, 4, 5, 6, 8, 9, 10, 13, 14, 17, 18, 21, 22, 23, 28, 31, 32, 33, 34, 35, 36, 39, 40, 41, 42, 43, 46, 47, 48, 49, 50, 51, 52, 53], "summary": {"covered_lines": 35, "num_statements": 35, "percent_covered": 100.0, "percent_covered_display": "100", "missing_lines": 0, "excluded_lines": 0, "percent_statements_covered": 100.0, "percent_statements_covered_display": "100", "num_branches": 4, "num_partial_branches": 0, "covered_branches": 4, "missing_branches": 0, "percent_branches_covered": 100.0, "percent_branches_covered_display": "100"}, "missing_lines": [], "excluded_lines": [], "executed_branches": [[40, 41], [40, 42], [47, 48], [47, 49]], "missing_branches": [], "functions": {"hash_password": {"executed_lines": [14], "summary": {"covered_lines": 1, "num_statements": 1, "percent_covered": 100.0, "percent_covered_display": "100", "missing_lines": 0, "excluded_lines": 0, "percent_statements_covered": 100.0, "percent_statements_covered_display": "100", "num_branches": 0, "num_partial_branches": 0, "covered_branches": 0, "missing_branches": 0, "percent_branches_covered": 100.0, "percent_branches_covered_display": "100"}, "missing_lines": [], "excluded_lines": [], "start_line": 13, "executed_branches": [], "missing_branches": []}, "verify_password": {"executed_lines": [18], "summary": {"covered_lines": 1, "num_statements": 1, "percent_covered": 100.0, "percent_covered_display": "100", "missing_lines": 0, "excluded_lines": 0, "percent_statements_covered": 100.0, "percent_statements_covered_display": "100", "num_branches": 0, "num_partial_branches": 0, "covered_branches": 0, "missing_branches": 0, "percent_branches_covered": 100.0, "percent_branches_covered_display": "100"}, "missing_lines": [], "excluded_lines": [], "start_line": 17, "executed_branches": [], "missing_branches": []}, "create_token": {"executed_lines": [22, 23, 28], "summary": {"covered_lines": 3, "num_statements": 3, "percent_covered": 100.0, "percent_covered_display": "100", "missing_lines": 0, "excluded_lines": 0, "percent_statements_covered": 100.0, "percent_statements_covered_display": "100", "num_branches": 0, "num_partial_branches": 0, "covered_branches": 0, "missing_branches": 0, "percent_branches_covered": 100.0, "percent_branches_covered_display": "100"}, "missing_lines": [], "excluded_lines": [], "start_line": 21, "executed_branches": [], "missing_branches": []}, "decode_token": {"executed_lines": [32, 33, 34, 35, 36], "summary": {"covered_lines": 5, "num_statements": 5, "percent_covered": 100.0, "percent_covered_display": "100", "missing_lines": 0, "excluded_lines": 0, "percent_statements_covered": 100.0, "percent_statements_covered_display": "100", "num_branches": 0, "num_partial_branches": 0, "covered_branches": 0, "missing_branches": 0, "percent_branches_covered": 100.0, "percent_branches_covered_display": "100"}, "missing_lines": [], "excluded_lines": [], "start_line": 31, "executed_branches": [], "missing_branches": []}, "get_current_user": {"executed_lines": [40, 41, 42, 43], "summary": {"covered_lines": 4, "num_statements": 4, "percent_covered": 100.0, "percent_covered_display": "100", "missing_lines": 0, "excluded_lines": 0, "percent_statements_covered": 100.0, "percent_statements_covered_display": "100", "num_branches": 2, "num_partial_branches": 0, "covered_branches": 2, "missing_branches": 0, "percent_branches_covered": 100.0, "percent_branches_covered_display": "100"}, "missing_lines": [], "excluded_lines": [], "start_line": 39, "executed_branches": [[40, 41], [40, 42]], "missing_branches": []}, "get_optional_user": {"executed_lines": [47, 48, 49, 50, 51, 52, 53], "summary": {"covered_lines": 7, "num_statements": 7, "percent_covered": 100.0, "percent_covered_display": "100", "missing_lines": 0, "excluded_lines": 0, "percent_statements_covered": 100.0, "percent_statements_covered_display": "100", "num_branches": 2, "num_partial_branches": 0, "covered_branches": 2, "missing_branches": 0, "percent_branches_covered": 100.0, "percent_branches_covered_display": "100"}, "missing_lines": [], "excluded_lines": [], "start_line": 46, "executed_branches": [[47, 48], [47, 49]], "missing_branches": []}, "": {"executed_lines": [1, 2, 4, 5, 6, 8, 9, 10, 13, 17, 21, 31, 39, 46], "summary": {"covered_lines": 14, "num_statements": 14, "percent_covered": 100.0, "percent_covered_display": "100", "missing_lines": 0, "excluded_lines": 0, "percent_statements_covered": 100.0, "percent_statements_covered_display": "100", "num_branches": 0, "num_partial_branches": 0, "covered_branches": 0, "missing_branches": 0, "percent_branches_covered": 100.0, "percent_branches_covered_display": "100"}, "missing_lines": [], "excluded_lines": [], "start_line": 1, "executed_branches": [], "missing_branches": []}}, "classes": {"": {"executed_lines": [1, 2, 4, 5, 6, 8, 9, 10, 13, 14, 17, 18, 21, 22, 23, 28, 31, 32, 33, 34, 35, 36, 39, 40, 41, 42, 43, 46, 47, 48, 49, 50, 51, 52, 53], "summary": {"covered_lines": 35, "num_statements": 35, "percent_covered": 100.0, "percent_covered_display": "100", "missing_lines": 0, "excluded_lines": 0, "percent_statements_covered": 100.0, "percent_statements_covered_display": "100", "num_branches": 4, "num_partial_branches": 0, "covered_branches": 4, "missing_branches": 0, "percent_branches_covered": 100.0, "percent_branches_covered_display": "100"}, "missing_lines": [], "excluded_lines": [], "start_line": 1, "executed_branches": [[40, 41], [40, 42], [47, 48], [47, 49]], "missing_branches": []}}}, "app\\benchmark.py": {"executed_lines": [11, 13, 14, 15, 16, 17, 18, 19, 20, 21, 22, 23, 26, 27, 28, 37, 44, 51, 52, 53, 54, 55, 56, 62, 68, 74, 77, 78, 81, 82, 83, 84, 86, 87, 88, 89, 90, 91, 92, 93, 94, 95, 106, 116, 117, 118, 119, 120, 121, 124, 125, 126, 135, 136, 137, 138, 147, 148, 149, 150, 151, 152, 153, 154, 156, 157, 158, 159, 160, 163, 164, 165, 166, 168, 169, 171, 172, 173, 175, 176, 177, 178, 181, 182, 183, 184, 185, 186, 189, 190, 191, 195, 198, 199, 200, 201, 202, 203, 204, 205, 206, 207, 208, 209, 212, 213, 214, 215, 216, 217, 218, 219, 220, 221, 222, 225, 226, 227, 228, 229, 230, 232, 233, 235, 236, 237, 238, 239, 240, 241, 242, 243, 246, 247, 248, 249, 250, 271, 272, 274, 275, 276, 277, 278, 281, 282, 284, 285, 286, 287, 289, 290, 293], "summary": {"covered_lines": 153, "num_statements": 154, "percent_covered": 97.0, "percent_covered_display": "97", "missing_lines": 1, "excluded_lines": 0, "percent_statements_covered": 99.35064935064935, "percent_statements_covered_display": "99", "num_branches": 46, "num_partial_branches": 5, "covered_branches": 41, "missing_branches": 5, "percent_branches_covered": 89.1304347826087, "percent_branches_covered_display": "89"}, "missing_lines": [294], "excluded_lines": [], "executed_branches": [[86, 87], [86, 106], [117, 118], [117, 119], [148, 149], [148, 156], [150, 151], [150, 154], [152, 150], [152, 153], [156, 157], [159, 160], [164, 165], [182, 183], [182, 186], [190, 191], [190, 198], [199, 200], [199, 209], [202, 199], [202, 203], [206, 202], [206, 207], [213, 214], [213, 230], [216, 213], [216, 217], [220, 221], [220, 225], [232, 233], [249, 250], [249, 278], [271, 272], [271, 274], [276, 249], [276, 277], [284, 285], [284, 289], [285, 286], [285, 287], [293, -1]], "missing_branches": [[156, -147], [159, -147], [164, 166], [232, 235], [293, 294]], "functions": {"_parse_args": {"executed_lines": [27, 28, 37, 44, 51, 52, 53, 54, 55, 56, 62, 68, 74], "summary": {"covered_lines": 13, "num_statements": 13, "percent_covered": 100.0, "percent_covered_display": "100", "missing_lines": 0, "excluded_lines": 0, "percent_statements_covered": 100.0, "percent_statements_covered_display": "100", "num_branches": 0, "num_partial_branches": 0, "covered_branches": 0, "missing_branches": 0, "percent_branches_covered": 100.0, "percent_branches_covered_display": "100"}, "missing_lines": [], "excluded_lines": [], "start_line": 26, "executed_branches": [], "missing_branches": []}, "_build_keys": {"executed_lines": [78], "summary": {"covered_lines": 1, "num_statements": 1, "percent_covered": 100.0, "percent_covered_display": "100", "missing_lines": 0, "excluded_lines": 0, "percent_statements_covered": 100.0, "percent_statements_covered_display": "100", "num_branches": 0, "num_partial_branches": 0, "covered_branches": 0, "missing_branches": 0, "percent_branches_covered": 100.0, "percent_branches_covered_display": "100"}, "missing_lines": [], "excluded_lines": [], "start_line": 77, "executed_branches": [], "missing_branches": []}, "_build_payload": {"executed_lines": [82, 83, 84, 86, 87, 88, 89, 90, 91, 92, 93, 94, 95, 106], "summary": {"covered_lines": 14, "num_statements": 14, "percent_covered": 100.0, "percent_covered_display": "100", "missing_lines": 0, "excluded_lines": 0, "percent_statements_covered": 100.0, "percent_statements_covered_display": "100", "num_branches": 2, "num_partial_branches": 0, "covered_branches": 2, "missing_branches": 0, "percent_branches_covered": 100.0, "percent_branches_covered_display": "100"}, "missing_lines": [], "excluded_lines": [], "start_line": 81, "executed_branches": [[86, 87], [86, 106]], "missing_branches": []}, "_percentile": {"executed_lines": [117, 118, 119, 120, 121], "summary": {"covered_lines": 5, "num_statements": 5, "percent_covered": 100.0, "percent_covered_display": "100", "missing_lines": 0, "excluded_lines": 0, "percent_statements_covered": 100.0, "percent_statements_covered_display": "100", "num_branches": 2, "num_partial_branches": 0, "covered_branches": 2, "missing_branches": 0, "percent_branches_covered": 100.0, "percent_branches_covered_display": "100"}, "missing_lines": [], "excluded_lines": [], "start_line": 116, "executed_branches": [[117, 118], [117, 119]], "missing_branches": []}, "_stats": {"executed_lines": [125, 126], "summary": {"covered_lines": 2, "num_statements": 2, "percent_covered": 100.0, "percent_covered_display": "100", "missing_lines": 0, "excluded_lines": 0, "percent_statements_covered": 100.0, "percent_statements_covered_display": "100", "num_branches": 0, "num_partial_branches": 0, "covered_branches": 0, "missing_branches": 0, "percent_branches_covered": 100.0, "percent_branches_covered_display": "100"}, "missing_lines": [], "excluded_lines": [], "start_line": 124, "executed_branches": [], "missing_branches": []}, "_format_stats": {"executed_lines": [136, 137, 138], "summary": {"covered_lines": 3, "num_statements": 3, "percent_covered": 100.0, "percent_covered_display": "100", "missing_lines": 0, "excluded_lines": 0, "percent_statements_covered": 100.0, "percent_statements_covered_display": "100", "num_branches": 0, "num_partial_branches": 0, "covered_branches": 0, "missing_branches": 0, "percent_branches_covered": 100.0, "percent_branches_covered_display": "100"}, "missing_lines": [], "excluded_lines": [], "start_line": 135, "executed_branches": [], "missing_branches": []}, "_cleanup_cache_keys": {"executed_lines": [148, 149, 150, 151, 152, 153, 154, 156, 157, 158, 159, 160], "summary": {"covered_lines": 12, "num_statements": 12, "percent_covered": 90.9090909090909, "percent_covered_display": "91", "missing_lines": 0, "excluded_lines": 0, "percent_statements_covered": 100.0, "percent_statements_covered_display": "100", "num_branches": 10, "num_partial_branches": 2, "covered_branches": 8, "missing_branches": 2, "percent_branches_covered": 80.0, "percent_branches_covered_display": "80"}, "missing_lines": [], "excluded_lines": [], "start_line": 147, "executed_branches": [[148, 149], [148, 156], [150, 151], [150, 154], [152, 150], [152, 153], [156, 157], [159, 160]], "missing_branches": [[156, -147], [159, -147]]}, "_run_cache_single": {"executed_lines": [164, 165, 166, 168, 169, 171, 172, 173, 175, 176, 177, 178, 181, 182, 183, 184, 185, 186, 189, 190, 191, 195, 198, 199, 200, 201, 202, 203, 204, 205, 206, 207, 208, 209, 212, 213, 214, 215, 216, 217, 218, 219, 220, 221, 222, 225, 226, 227, 228, 229, 230, 232, 233, 235, 236, 237, 238, 239, 240, 241, 242, 243], "summary": {"covered_lines": 62, "num_statements": 62, "percent_covered": 97.5609756097561, "percent_covered_display": "98", "missing_lines": 0, "excluded_lines": 0, "percent_statements_covered": 100.0, "percent_statements_covered_display": "100", "num_branches": 20, "num_partial_branches": 2, "covered_branches": 18, "missing_branches": 2, "percent_branches_covered": 90.0, "percent_branches_covered_display": "90"}, "missing_lines": [], "excluded_lines": [], "start_line": 163, "executed_branches": [[164, 165], [182, 183], [182, 186], [190, 191], [190, 198], [199, 200], [199, 209], [202, 199], [202, 203], [206, 202], [206, 207], [213, 214], [213, 230], [216, 213], [216, 217], [220, 221], [220, 225], [232, 233]], "missing_branches": [[164, 166], [232, 235]]}, "_run_cache_compare": {"executed_lines": [247, 248, 249, 250, 271, 272, 274, 275, 276, 277, 278], "summary": {"covered_lines": 11, "num_statements": 11, "percent_covered": 100.0, "percent_covered_display": "100", "missing_lines": 0, "excluded_lines": 0, "percent_statements_covered": 100.0, "percent_statements_covered_display": "100", "num_branches": 6, "num_partial_branches": 0, "covered_branches": 6, "missing_branches": 0, "percent_branches_covered": 100.0, "percent_branches_covered_display": "100"}, "missing_lines": [], "excluded_lines": [], "start_line": 246, "executed_branches": [[249, 250], [249, 278], [271, 272], [271, 274], [276, 249], [276, 277]], "missing_branches": []}, "main": {"executed_lines": [282, 284, 285, 286, 287, 289, 290], "summary": {"covered_lines": 7, "num_statements": 7, "percent_covered": 100.0, "percent_covered_display": "100", "missing_lines": 0, "excluded_lines": 0, "percent_statements_covered": 100.0, "percent_statements_covered_display": "100", "num_branches": 4, "num_partial_branches": 0, "covered_branches": 4, "missing_branches": 0, "percent_branches_covered": 100.0, "percent_branches_covered_display": "100"}, "missing_lines": [], "excluded_lines": [], "start_line": 281, "executed_branches": [[284, 285], [284, 289], [285, 286], [285, 287]], "missing_branches": []}, "": {"executed_lines": [11, 13, 14, 15, 16, 17, 18, 19, 20, 21, 22, 23, 26, 77, 81, 116, 124, 135, 147, 163, 246, 281, 293], "summary": {"covered_lines": 23, "num_statements": 24, "percent_covered": 92.3076923076923, "percent_covered_display": "92", "missing_lines": 1, "excluded_lines": 0, "percent_statements_covered": 95.83333333333333, "percent_statements_covered_display": "96", "num_branches": 2, "num_partial_branches": 1, "covered_branches": 1, "missing_branches": 1, "percent_branches_covered": 50.0, "percent_branches_covered_display": "50"}, "missing_lines": [294], "excluded_lines": [], "start_line": 1, "executed_branches": [[293, -1]], "missing_branches": [[293, 294]]}}, "classes": {"": {"executed_lines": [11, 13, 14, 15, 16, 17, 18, 19, 20, 21, 22, 23, 26, 27, 28, 37, 44, 51, 52, 53, 54, 55, 56, 62, 68, 74, 77, 78, 81, 82, 83, 84, 86, 87, 88, 89, 90, 91, 92, 93, 94, 95, 106, 116, 117, 118, 119, 120, 121, 124, 125, 126, 135, 136, 137, 138, 147, 148, 149, 150, 151, 152, 153, 154, 156, 157, 158, 159, 160, 163, 164, 165, 166, 168, 169, 171, 172, 173, 175, 176, 177, 178, 181, 182, 183, 184, 185, 186, 189, 190, 191, 195, 198, 199, 200, 201, 202, 203, 204, 205, 206, 207, 208, 209, 212, 213, 214, 215, 216, 217, 218, 219, 220, 221, 222, 225, 226, 227, 228, 229, 230, 232, 233, 235, 236, 237, 238, 239, 240, 241, 242, 243, 246, 247, 248, 249, 250, 271, 272, 274, 275, 276, 277, 278, 281, 282, 284, 285, 286, 287, 289, 290, 293], "summary": {"covered_lines": 153, "num_statements": 154, "percent_covered": 97.0, "percent_covered_display": "97", "missing_lines": 1, "excluded_lines": 0, "percent_statements_covered": 99.35064935064935, "percent_statements_covered_display": "99", "num_branches": 46, "num_partial_branches": 5, "covered_branches": 41, "missing_branches": 5, "percent_branches_covered": 89.1304347826087, "percent_branches_covered_display": "89"}, "missing_lines": [294], "excluded_lines": [], "start_line": 1, "executed_branches": [[86, 87], [86, 106], [117, 118], [117, 119], [148, 149], [148, 156], [150, 151], [150, 154], [152, 150], [152, 153], [156, 157], [159, 160], [164, 165], [182, 183], [182, 186], [190, 191], [190, 198], [199, 200], [199, 209], [202, 199], [202, 203], [206, 202], [206, 207], [213, 214], [213, 230], [216, 213], [216, 217], [220, 221], [220, 225], [232, 233], [249, 250], [249, 278], [271, 272], [271, 274], [276, 249], [276, 277], [284, 285], [284, 289], [285, 286], [285, 287], [293, -1]], "missing_branches": [[156, -147], [159, -147], [164, 166], [232, 235], [293, 294]]}}}, "app\\cache.py": {"executed_lines": [11, 12, 13, 14, 15, 17, 18, 19, 20, 21, 22, 23, 24, 27, 29, 34, 35, 36, 37, 38, 39, 42, 43, 44, 45, 46, 51, 56, 57, 58, 59, 61, 62, 63, 64, 67, 68, 78, 83, 84, 87, 88, 91, 93, 94, 96, 97, 100, 101, 102, 103, 105, 106, 109, 110, 113, 114, 115, 116, 119, 120, 121, 122, 123, 124, 125, 126, 127, 128, 129, 130, 131, 132, 133, 136, 137, 138, 139, 140, 141, 143, 146, 148, 149, 150, 155, 156, 157, 158, 159, 164, 165, 166, 167, 168, 169, 170, 172], "summary": {"covered_lines": 98, "num_statements": 107, "percent_covered": 88.7218045112782, "percent_covered_display": "89", "missing_lines": 9, "excluded_lines": 0, "percent_statements_covered": 91.58878504672897, "percent_statements_covered_display": "92", "num_branches": 26, "num_partial_branches": 6, "covered_branches": 20, "missing_branches": 6, "percent_branches_covered": 76.92307692307692, "percent_branches_covered_display": "77"}, "missing_lines": [52, 53, 60, 79, 80, 107, 111, 144, 161], "excluded_lines": [], "executed_branches": [[36, 37], [36, 38], [62, 63], [62, 64], [93, 94], [93, 96], [106, 109], [110, 113], [125, 126], [125, 129], [126, 127], [129, 130], [143, 146], [156, 157], [156, 158], [158, 159], [165, 166], [165, 168], [168, 169], [168, 172]], "missing_branches": [[106, 107], [110, 111], [126, 128], [129, 131], [143, 144], [158, 161]], "functions": {"_filename": {"executed_lines": [29], "summary": {"covered_lines": 1, "num_statements": 1, "percent_covered": 100.0, "percent_covered_display": "100", "missing_lines": 0, "excluded_lines": 0, "percent_statements_covered": 100.0, "percent_statements_covered_display": "100", "num_branches": 0, "num_partial_branches": 0, "covered_branches": 0, "missing_branches": 0, "percent_branches_covered": 100.0, "percent_branches_covered_display": "100"}, "missing_lines": [], "excluded_lines": [], "start_line": 27, "executed_branches": [], "missing_branches": []}, "_local_get": {"executed_lines": [35, 36, 37, 38, 39], "summary": {"covered_lines": 5, "num_statements": 5, "percent_covered": 100.0, "percent_covered_display": "100", "missing_lines": 0, "excluded_lines": 0, "percent_statements_covered": 100.0, "percent_statements_covered_display": "100", "num_branches": 2, "num_partial_branches": 0, "covered_branches": 2, "missing_branches": 0, "percent_branches_covered": 100.0, "percent_branches_covered_display": "100"}, "missing_lines": [], "excluded_lines": [], "start_line": 34, "executed_branches": [[36, 37], [36, 38]], "missing_branches": []}, "_local_set": {"executed_lines": [43, 44, 45, 46], "summary": {"covered_lines": 4, "num_statements": 4, "percent_covered": 100.0, "percent_covered_display": "100", "missing_lines": 0, "excluded_lines": 0, "percent_statements_covered": 100.0, "percent_statements_covered_display": "100", "num_branches": 0, "num_partial_branches": 0, "covered_branches": 0, "missing_branches": 0, "percent_branches_covered": 100.0, "percent_branches_covered_display": "100"}, "missing_lines": [], "excluded_lines": [], "start_line": 42, "executed_branches": [], "missing_branches": []}, "_s3_client": {"executed_lines": [], "summary": {"covered_lines": 0, "num_statements": 2, "percent_covered": 0.0, "percent_covered_display": "0", "missing_lines": 2, "excluded_lines": 0, "percent_statements_covered": 0.0, "percent_statements_covered_display": "0", "num_branches": 0, "num_partial_branches": 0, "covered_branches": 0, "missing_branches": 0, "percent_branches_covered": 100.0, "percent_branches_covered_display": "100"}, "missing_lines": [52, 53], "excluded_lines": [], "start_line": 51, "executed_branches": [], "missing_branches": []}, "_s3_get": {"executed_lines": [57, 58, 59, 61, 62, 63, 64], "summary": {"covered_lines": 7, "num_statements": 8, "percent_covered": 90.0, "percent_covered_display": "90", "missing_lines": 1, "excluded_lines": 0, "percent_statements_covered": 87.5, "percent_statements_covered_display": "88", "num_branches": 2, "num_partial_branches": 0, "covered_branches": 2, "missing_branches": 0, "percent_branches_covered": 100.0, "percent_branches_covered_display": "100"}, "missing_lines": [60], "excluded_lines": [], "start_line": 56, "executed_branches": [[62, 63], [62, 64]], "missing_branches": []}, "_s3_set": {"executed_lines": [68], "summary": {"covered_lines": 1, "num_statements": 1, "percent_covered": 100.0, "percent_covered_display": "100", "missing_lines": 0, "excluded_lines": 0, "percent_statements_covered": 100.0, "percent_statements_covered_display": "100", "num_branches": 0, "num_partial_branches": 0, "covered_branches": 0, "missing_branches": 0, "percent_branches_covered": 100.0, "percent_branches_covered_display": "100"}, "missing_lines": [], "excluded_lines": [], "start_line": 67, "executed_branches": [], "missing_branches": []}, "_redis_client": {"executed_lines": [], "summary": {"covered_lines": 0, "num_statements": 2, "percent_covered": 0.0, "percent_covered_display": "0", "missing_lines": 2, "excluded_lines": 0, "percent_statements_covered": 0.0, "percent_statements_covered_display": "0", "num_branches": 0, "num_partial_branches": 0, "covered_branches": 0, "missing_branches": 0, "percent_branches_covered": 100.0, "percent_branches_covered_display": "100"}, "missing_lines": [79, 80], "excluded_lines": [], "start_line": 78, "executed_branches": [], "missing_branches": []}, "_redis_key": {"executed_lines": [84], "summary": {"covered_lines": 1, "num_statements": 1, "percent_covered": 100.0, "percent_covered_display": "100", "missing_lines": 0, "excluded_lines": 0, "percent_statements_covered": 100.0, "percent_statements_covered_display": "100", "num_branches": 0, "num_partial_branches": 0, "covered_branches": 0, "missing_branches": 0, "percent_branches_covered": 100.0, "percent_branches_covered_display": "100"}, "missing_lines": [], "excluded_lines": [], "start_line": 83, "executed_branches": [], "missing_branches": []}, "_redis_index_key": {"executed_lines": [88], "summary": {"covered_lines": 1, "num_statements": 1, "percent_covered": 100.0, "percent_covered_display": "100", "missing_lines": 0, "excluded_lines": 0, "percent_statements_covered": 100.0, "percent_statements_covered_display": "100", "num_branches": 0, "num_partial_branches": 0, "covered_branches": 0, "missing_branches": 0, "percent_branches_covered": 100.0, "percent_branches_covered_display": "100"}, "missing_lines": [], "excluded_lines": [], "start_line": 87, "executed_branches": [], "missing_branches": []}, "_redis_track_and_evict": {"executed_lines": [93, 94, 96, 97, 100, 101, 102, 103, 105, 106, 109, 110, 113, 114, 115, 116], "summary": {"covered_lines": 16, "num_statements": 18, "percent_covered": 83.33333333333333, "percent_covered_display": "83", "missing_lines": 2, "excluded_lines": 0, "percent_statements_covered": 88.88888888888889, "percent_statements_covered_display": "89", "num_branches": 6, "num_partial_branches": 2, "covered_branches": 4, "missing_branches": 2, "percent_branches_covered": 66.66666666666667, "percent_branches_covered_display": "67"}, "missing_lines": [107, 111], "excluded_lines": [], "start_line": 91, "executed_branches": [[93, 94], [93, 96], [106, 109], [110, 113]], "missing_branches": [[106, 107], [110, 111]]}, "_redis_get": {"executed_lines": [120, 121, 122, 123, 124, 125, 126, 127, 128, 129, 130, 131, 132, 133], "summary": {"covered_lines": 14, "num_statements": 14, "percent_covered": 90.0, "percent_covered_display": "90", "missing_lines": 0, "excluded_lines": 0, "percent_statements_covered": 100.0, "percent_statements_covered_display": "100", "num_branches": 6, "num_partial_branches": 2, "covered_branches": 4, "missing_branches": 2, "percent_branches_covered": 66.66666666666667, "percent_branches_covered_display": "67"}, "missing_lines": [], "excluded_lines": [], "start_line": 119, "executed_branches": [[125, 126], [125, 129], [126, 127], [129, 130]], "missing_branches": [[126, 128], [129, 131]]}, "_redis_set": {"executed_lines": [137, 138, 139, 140, 141, 143, 146, 148, 149, 150], "summary": {"covered_lines": 10, "num_statements": 11, "percent_covered": 84.61538461538461, "percent_covered_display": "85", "missing_lines": 1, "excluded_lines": 0, "percent_statements_covered": 90.9090909090909, "percent_statements_covered_display": "91", "num_branches": 2, "num_partial_branches": 1, "covered_branches": 1, "missing_branches": 1, "percent_branches_covered": 50.0, "percent_branches_covered_display": "50"}, "missing_lines": [144], "excluded_lines": [], "start_line": 136, "executed_branches": [[143, 146]], "missing_branches": [[143, 144]]}, "get": {"executed_lines": [156, 157, 158, 159], "summary": {"covered_lines": 4, "num_statements": 5, "percent_covered": 77.77777777777777, "percent_covered_display": "78", "missing_lines": 1, "excluded_lines": 0, "percent_statements_covered": 80.0, "percent_statements_covered_display": "80", "num_branches": 4, "num_partial_branches": 1, "covered_branches": 3, "missing_branches": 1, "percent_branches_covered": 75.0, "percent_branches_covered_display": "75"}, "missing_lines": [161], "excluded_lines": [], "start_line": 155, "executed_branches": [[156, 157], [156, 158], [158, 159]], "missing_branches": [[158, 161]]}, "set": {"executed_lines": [165, 166, 167, 168, 169, 170, 172], "summary": {"covered_lines": 7, "num_statements": 7, "percent_covered": 100.0, "percent_covered_display": "100", "missing_lines": 0, "excluded_lines": 0, "percent_statements_covered": 100.0, "percent_statements_covered_display": "100", "num_branches": 4, "num_partial_branches": 0, "covered_branches": 4, "missing_branches": 0, "percent_branches_covered": 100.0, "percent_branches_covered_display": "100"}, "missing_lines": [], "excluded_lines": [], "start_line": 164, "executed_branches": [[165, 166], [165, 168], [168, 169], [168, 172]], "missing_branches": []}, "": {"executed_lines": [11, 12, 13, 14, 15, 17, 18, 19, 20, 21, 22, 23, 24, 27, 34, 42, 51, 56, 67, 78, 83, 87, 91, 119, 136, 155, 164], "summary": {"covered_lines": 27, "num_statements": 27, "percent_covered": 100.0, "percent_covered_display": "100", "missing_lines": 0, "excluded_lines": 0, "percent_statements_covered": 100.0, "percent_statements_covered_display": "100", "num_branches": 0, "num_partial_branches": 0, "covered_branches": 0, "missing_branches": 0, "percent_branches_covered": 100.0, "percent_branches_covered_display": "100"}, "missing_lines": [], "excluded_lines": [], "start_line": 1, "executed_branches": [], "missing_branches": []}}, "classes": {"": {"executed_lines": [11, 12, 13, 14, 15, 17, 18, 19, 20, 21, 22, 23, 24, 27, 29, 34, 35, 36, 37, 38, 39, 42, 43, 44, 45, 46, 51, 56, 57, 58, 59, 61, 62, 63, 64, 67, 68, 78, 83, 84, 87, 88, 91, 93, 94, 96, 97, 100, 101, 102, 103, 105, 106, 109, 110, 113, 114, 115, 116, 119, 120, 121, 122, 123, 124, 125, 126, 127, 128, 129, 130, 131, 132, 133, 136, 137, 138, 139, 140, 141, 143, 146, 148, 149, 150, 155, 156, 157, 158, 159, 164, 165, 166, 167, 168, 169, 170, 172], "summary": {"covered_lines": 98, "num_statements": 107, "percent_covered": 88.7218045112782, "percent_covered_display": "89", "missing_lines": 9, "excluded_lines": 0, "percent_statements_covered": 91.58878504672897, "percent_statements_covered_display": "92", "num_branches": 26, "num_partial_branches": 6, "covered_branches": 20, "missing_branches": 6, "percent_branches_covered": 76.92307692307692, "percent_branches_covered_display": "77"}, "missing_lines": [52, 53, 60, 79, 80, 107, 111, 144, 161], "excluded_lines": [], "start_line": 1, "executed_branches": [[36, 37], [36, 38], [62, 63], [62, 64], [93, 94], [93, 96], [106, 109], [110, 113], [125, 126], [125, 129], [126, 127], [129, 130], [143, 146], [156, 157], [156, 158], [158, 159], [165, 166], [165, 168], [168, 169], [168, 172]], "missing_branches": [[106, 107], [110, 111], [126, 128], [129, 131], [143, 144], [158, 161]]}}}, "app\\database.py": {"executed_lines": [1, 2, 3, 5, 7, 8, 9, 10, 11, 13, 14, 17, 18, 19, 20, 22, 23, 24, 25, 28, 29, 31, 32, 33, 35, 38, 39, 40, 41, 42, 50, 58, 65, 83, 87, 91, 102, 106, 108], "summary": {"covered_lines": 39, "num_statements": 39, "percent_covered": 100.0, "percent_covered_display": "100", "missing_lines": 0, "excluded_lines": 0, "percent_statements_covered": 100.0, "percent_statements_covered_display": "100", "num_branches": 4, "num_partial_branches": 0, "covered_branches": 4, "missing_branches": 0, "percent_branches_covered": 100.0, "percent_branches_covered_display": "100"}, "missing_lines": [], "excluded_lines": [], "executed_branches": [[7, 8], [7, 13], [18, 19], [18, 22]], "missing_branches": [], "functions": {"get_conn": {"executed_lines": [18, 19, 20, 22, 23, 24, 25], "summary": {"covered_lines": 7, "num_statements": 7, "percent_covered": 100.0, "percent_covered_display": "100", "missing_lines": 0, "excluded_lines": 0, "percent_statements_covered": 100.0, "percent_statements_covered_display": "100", "num_branches": 2, "num_partial_branches": 0, "covered_branches": 2, "missing_branches": 0, "percent_branches_covered": 100.0, "percent_branches_covered_display": "100"}, "missing_lines": [], "excluded_lines": [], "start_line": 17, "executed_branches": [[18, 19], [18, 22]], "missing_branches": []}, "cursor": {"executed_lines": [31, 32, 33, 35], "summary": {"covered_lines": 4, "num_statements": 4, "percent_covered": 100.0, "percent_covered_display": "100", "missing_lines": 0, "excluded_lines": 0, "percent_statements_covered": 100.0, "percent_statements_covered_display": "100", "num_branches": 0, "num_partial_branches": 0, "covered_branches": 0, "missing_branches": 0, "percent_branches_covered": 100.0, "percent_branches_covered_display": "100"}, "missing_lines": [], "excluded_lines": [], "start_line": 29, "executed_branches": [], "missing_branches": []}, "init_db": {"executed_lines": [39, 40, 41, 42, 50, 58, 65, 83, 87, 91, 102, 106, 108], "summary": {"covered_lines": 13, "num_statements": 13, "percent_covered": 100.0, "percent_covered_display": "100", "missing_lines": 0, "excluded_lines": 0, "percent_statements_covered": 100.0, "percent_statements_covered_display": "100", "num_branches": 0, "num_partial_branches": 0, "covered_branches": 0, "missing_branches": 0, "percent_branches_covered": 100.0, "percent_branches_covered_display": "100"}, "missing_lines": [], "excluded_lines": [], "start_line": 38, "executed_branches": [], "missing_branches": []}, "": {"executed_lines": [1, 2, 3, 5, 7, 8, 9, 10, 11, 13, 14, 17, 28, 29, 38], "summary": {"covered_lines": 15, "num_statements": 15, "percent_covered": 100.0, "percent_covered_display": "100", "missing_lines": 0, "excluded_lines": 0, "percent_statements_covered": 100.0, "percent_statements_covered_display": "100", "num_branches": 2, "num_partial_branches": 0, "covered_branches": 2, "missing_branches": 0, "percent_branches_covered": 100.0, "percent_branches_covered_display": "100"}, "missing_lines": [], "excluded_lines": [], "start_line": 1, "executed_branches": [[7, 8], [7, 13]], "missing_branches": []}}, "classes": {"": {"executed_lines": [1, 2, 3, 5, 7, 8, 9, 10, 11, 13, 14, 17, 18, 19, 20, 22, 23, 24, 25, 28, 29, 31, 32, 33, 35, 38, 39, 40, 41, 42, 50, 58, 65, 83, 87, 91, 102, 106, 108], "summary": {"covered_lines": 39, "num_statements": 39, "percent_covered": 100.0, "percent_covered_display": "100", "missing_lines": 0, "excluded_lines": 0, "percent_statements_covered": 100.0, "percent_statements_covered_display": "100", "num_branches": 4, "num_partial_branches": 0, "covered_branches": 4, "missing_branches": 0, "percent_branches_covered": 100.0, "percent_branches_covered_display": "100"}, "missing_lines": [], "excluded_lines": [], "start_line": 1, "executed_branches": [[7, 8], [7, 13], [18, 19], [18, 22]], "missing_branches": []}}}, "app\\demo_events.py": {"executed_lines": [5, 6, 9, 10, 11, 12, 13, 23, 24, 25, 27, 29, 30, 31, 32, 44], "summary": {"covered_lines": 16, "num_statements": 16, "percent_covered": 100.0, "percent_covered_display": "100", "missing_lines": 0, "excluded_lines": 0, "percent_statements_covered": 100.0, "percent_statements_covered_display": "100", "num_branches": 2, "num_partial_branches": 0, "covered_branches": 2, "missing_branches": 0, "percent_branches_covered": 100.0, "percent_branches_covered_display": "100"}, "missing_lines": [], "excluded_lines": [], "executed_branches": [[30, 31], [30, 44]], "missing_branches": [], "functions": {"get_demo_events": {"executed_lines": [10, 11, 12, 13, 23, 24, 25, 27, 29, 30, 31, 32, 44], "summary": {"covered_lines": 13, "num_statements": 13, "percent_covered": 100.0, "percent_covered_display": "100", "missing_lines": 0, "excluded_lines": 0, "percent_statements_covered": 100.0, "percent_statements_covered_display": "100", "num_branches": 2, "num_partial_branches": 0, "covered_branches": 2, "missing_branches": 0, "percent_branches_covered": 100.0, "percent_branches_covered_display": "100"}, "missing_lines": [], "excluded_lines": [], "start_line": 9, "executed_branches": [[30, 31], [30, 44]], "missing_branches": []}, "": {"executed_lines": [5, 6, 9], "summary": {"covered_lines": 3, "num_statements": 3, "percent_covered": 100.0, "percent_covered_display": "100", "missing_lines": 0, "excluded_lines": 0, "percent_statements_covered": 100.0, "percent_statements_covered_display": "100", "num_branches": 0, "num_partial_branches": 0, "covered_branches": 0, "missing_branches": 0, "percent_branches_covered": 100.0, "percent_branches_covered_display": "100"}, "missing_lines": [], "excluded_lines": [], "start_line": 1, "executed_branches": [], "missing_branches": []}}, "classes": {"": {"executed_lines": [5, 6, 9, 10, 11, 12, 13, 23, 24, 25, 27, 29, 30, 31, 32, 44], "summary": {"covered_lines": 16, "num_statements": 16, "percent_covered": 100.0, "percent_covered_display": "100", "missing_lines": 0, "excluded_lines": 0, "percent_statements_covered": 100.0, "percent_statements_covered_display": "100", "num_branches": 2, "num_partial_branches": 0, "covered_branches": 2, "missing_branches": 0, "percent_branches_covered": 100.0, "percent_branches_covered_display": "100"}, "missing_lines": [], "excluded_lines": [], "start_line": 1, "executed_branches": [[30, 31], [30, 44]], "missing_branches": []}}}, "app\\edgar.py": {"executed_lines": [10, 12, 14, 15, 17, 18, 19, 21, 40, 42, 44, 45, 46, 47, 48, 49, 50, 53, 58, 59, 62, 64, 66, 67, 69, 72, 77, 78, 79, 81, 86, 87, 89, 90, 91, 92, 93, 94, 97, 99, 101, 104, 105, 108, 109, 114, 115, 116, 120, 121, 123, 133, 134], "summary": {"covered_lines": 53, "num_statements": 54, "percent_covered": 97.05882352941177, "percent_covered_display": "97", "missing_lines": 1, "excluded_lines": 0, "percent_statements_covered": 98.14814814814815, "percent_statements_covered_display": "98", "num_branches": 14, "num_partial_branches": 1, "covered_branches": 13, "missing_branches": 1, "percent_branches_covered": 92.85714285714286, "percent_branches_covered_display": "93"}, "missing_lines": [68], "excluded_lines": [], "executed_branches": [[45, 46], [45, 53], [48, 49], [48, 50], [67, 69], [78, 79], [78, 81], [101, 104], [101, 133], [104, 105], [104, 108], [114, 115], [114, 120]], "missing_branches": [[67, 68]], "functions": {"_get_cik": {"executed_lines": [42, 44, 45, 46, 47, 48, 49, 50, 53, 58, 59, 62, 64, 66, 67, 69], "summary": {"covered_lines": 16, "num_statements": 17, "percent_covered": 91.30434782608695, "percent_covered_display": "91", "missing_lines": 1, "excluded_lines": 0, "percent_statements_covered": 94.11764705882354, "percent_statements_covered_display": "94", "num_branches": 6, "num_partial_branches": 1, "covered_branches": 5, "missing_branches": 1, "percent_branches_covered": 83.33333333333333, "percent_branches_covered_display": "83"}, "missing_lines": [68], "excluded_lines": [], "start_line": 40, "executed_branches": [[45, 46], [45, 53], [48, 49], [48, 50], [67, 69]], "missing_branches": [[67, 68]]}, "fetch_sec_filings": {"executed_lines": [77, 78, 79, 81, 86, 87, 89, 90, 91, 92, 93, 94, 97, 99, 101, 104, 105, 108, 109, 114, 115, 116, 120, 121, 123, 133, 134], "summary": {"covered_lines": 27, "num_statements": 27, "percent_covered": 100.0, "percent_covered_display": "100", "missing_lines": 0, "excluded_lines": 0, "percent_statements_covered": 100.0, "percent_statements_covered_display": "100", "num_branches": 8, "num_partial_branches": 0, "covered_branches": 8, "missing_branches": 0, "percent_branches_covered": 100.0, "percent_branches_covered_display": "100"}, "missing_lines": [], "excluded_lines": [], "start_line": 72, "executed_branches": [[78, 79], [78, 81], [101, 104], [101, 133], [104, 105], [104, 108], [114, 115], [114, 120]], "missing_branches": []}, "": {"executed_lines": [10, 12, 14, 15, 17, 18, 19, 21, 40, 72], "summary": {"covered_lines": 10, "num_statements": 10, "percent_covered": 100.0, "percent_covered_display": "100", "missing_lines": 0, "excluded_lines": 0, "percent_statements_covered": 100.0, "percent_statements_covered_display": "100", "num_branches": 0, "num_partial_branches": 0, "covered_branches": 0, "missing_branches": 0, "percent_branches_covered": 100.0, "percent_branches_covered_display": "100"}, "missing_lines": [], "excluded_lines": [], "start_line": 1, "executed_branches": [], "missing_branches": []}}, "classes": {"": {"executed_lines": [10, 12, 14, 15, 17, 18, 19, 21, 40, 42, 44, 45, 46, 47, 48, 49, 50, 53, 58, 59, 62, 64, 66, 67, 69, 72, 77, 78, 79, 81, 86, 87, 89, 90, 91, 92, 93, 94, 97, 99, 101, 104, 105, 108, 109, 114, 115, 116, 120, 121, 123, 133, 134], "summary": {"covered_lines": 53, "num_statements": 54, "percent_covered": 97.05882352941177, "percent_covered_display": "97", "missing_lines": 1, "excluded_lines": 0, "percent_statements_covered": 98.14814814814815, "percent_statements_covered_display": "98", "num_branches": 14, "num_partial_branches": 1, "covered_branches": 13, "missing_branches": 1, "percent_branches_covered": 92.85714285714286, "percent_branches_covered_display": "93"}, "missing_lines": [68], "excluded_lines": [], "start_line": 1, "executed_branches": [[45, 46], [45, 53], [48, 49], [48, 50], [67, 69], [78, 79], [78, 81], [101, 104], [101, 133], [104, 105], [104, 108], [114, 115], [114, 120]], "missing_branches": [[67, 68]]}}}, "app\\macro.py": {"executed_lines": [9, 10, 12, 13, 15, 17, 18, 23, 25, 32, 33, 34, 35, 36, 39, 41, 42, 43, 45, 46, 47, 48, 59, 60, 63, 65, 66, 67, 68, 69, 70, 71, 72, 83, 84, 87, 89, 90, 91, 92, 93, 94, 95, 96, 97, 98, 109, 110, 115, 117, 118, 119, 120, 121, 122, 123, 124, 125, 136, 137, 142, 143, 144, 146, 214, 224, 248, 250, 251, 253, 254, 257, 259, 261, 262, 263, 265, 267, 268, 269, 270, 271, 273, 274, 275, 276, 277, 278, 280, 281, 282, 290], "summary": {"covered_lines": 92, "num_statements": 93, "percent_covered": 95.1219512195122, "percent_covered_display": "95", "missing_lines": 1, "excluded_lines": 0, "percent_statements_covered": 98.9247311827957, "percent_statements_covered_display": "99", "num_branches": 30, "num_partial_branches": 5, "covered_branches": 25, "missing_branches": 5, "percent_branches_covered": 83.33333333333333, "percent_branches_covered_display": "83"}, "missing_lines": [44], "excluded_lines": [], "executed_branches": [[32, 33], [32, 34], [43, 45], [67, 68], [67, 69], [91, 92], [91, 93], [95, 96], [119, 120], [119, 121], [250, 251], [250, 253], [261, 262], [261, 265], [265, 267], [265, 273], [268, 269], [268, 290], [269, 270], [273, 274], [273, 280], [275, 276], [275, 290], [276, 277], [280, 281]], "missing_branches": [[43, 44], [95, 97], [269, 268], [276, 275], [280, 290]], "functions": {"_fred_obs": {"executed_lines": [25, 32, 33, 34, 35, 36], "summary": {"covered_lines": 6, "num_statements": 6, "percent_covered": 100.0, "percent_covered_display": "100", "missing_lines": 0, "excluded_lines": 0, "percent_statements_covered": 100.0, "percent_statements_covered_display": "100", "num_branches": 2, "num_partial_branches": 0, "covered_branches": 2, "missing_branches": 0, "percent_branches_covered": 100.0, "percent_branches_covered_display": "100"}, "missing_lines": [], "excluded_lines": [], "start_line": 23, "executed_branches": [[32, 33], [32, 34]], "missing_branches": []}, "_fred_level": {"executed_lines": [41, 42, 43, 45, 46, 47, 48, 59, 60], "summary": {"covered_lines": 9, "num_statements": 10, "percent_covered": 83.33333333333333, "percent_covered_display": "83", "missing_lines": 1, "excluded_lines": 0, "percent_statements_covered": 90.0, "percent_statements_covered_display": "90", "num_branches": 2, "num_partial_branches": 1, "covered_branches": 1, "missing_branches": 1, "percent_branches_covered": 50.0, "percent_branches_covered_display": "50"}, "missing_lines": [44], "excluded_lines": [], "start_line": 39, "executed_branches": [[43, 45]], "missing_branches": [[43, 44]]}, "_fred_monthly_change": {"executed_lines": [65, 66, 67, 68, 69, 70, 71, 72, 83, 84], "summary": {"covered_lines": 10, "num_statements": 10, "percent_covered": 100.0, "percent_covered_display": "100", "missing_lines": 0, "excluded_lines": 0, "percent_statements_covered": 100.0, "percent_statements_covered_display": "100", "num_branches": 2, "num_partial_branches": 0, "covered_branches": 2, "missing_branches": 0, "percent_branches_covered": 100.0, "percent_branches_covered_display": "100"}, "missing_lines": [], "excluded_lines": [], "start_line": 63, "executed_branches": [[67, 68], [67, 69]], "missing_branches": []}, "_fred_yoy": {"executed_lines": [89, 90, 91, 92, 93, 94, 95, 96, 97, 98, 109, 110], "summary": {"covered_lines": 12, "num_statements": 12, "percent_covered": 93.75, "percent_covered_display": "94", "missing_lines": 0, "excluded_lines": 0, "percent_statements_covered": 100.0, "percent_statements_covered_display": "100", "num_branches": 4, "num_partial_branches": 1, "covered_branches": 3, "missing_branches": 1, "percent_branches_covered": 75.0, "percent_branches_covered_display": "75"}, "missing_lines": [], "excluded_lines": [], "start_line": 87, "executed_branches": [[91, 92], [91, 93], [95, 96]], "missing_branches": [[95, 97]]}, "_yf_level": {"executed_lines": [117, 118, 119, 120, 121, 122, 123, 124, 125, 136, 137], "summary": {"covered_lines": 11, "num_statements": 11, "percent_covered": 100.0, "percent_covered_display": "100", "missing_lines": 0, "excluded_lines": 0, "percent_statements_covered": 100.0, "percent_statements_covered_display": "100", "num_branches": 2, "num_partial_branches": 0, "covered_branches": 2, "missing_branches": 0, "percent_branches_covered": 100.0, "percent_branches_covered_display": "100"}, "missing_lines": [], "excluded_lines": [], "start_line": 115, "executed_branches": [[119, 120], [119, 121]], "missing_branches": []}, "fetch_market_summary": {"executed_lines": [143, 146, 214], "summary": {"covered_lines": 3, "num_statements": 3, "percent_covered": 100.0, "percent_covered_display": "100", "missing_lines": 0, "excluded_lines": 0, "percent_statements_covered": 100.0, "percent_statements_covered_display": "100", "num_branches": 0, "num_partial_branches": 0, "covered_branches": 0, "missing_branches": 0, "percent_branches_covered": 100.0, "percent_branches_covered_display": "100"}, "missing_lines": [], "excluded_lines": [], "start_line": 142, "executed_branches": [], "missing_branches": []}, "fetch_market_summary.collect": {"executed_lines": [144], "summary": {"covered_lines": 1, "num_statements": 1, "percent_covered": 100.0, "percent_covered_display": "100", "missing_lines": 0, "excluded_lines": 0, "percent_statements_covered": 100.0, "percent_statements_covered_display": "100", "num_branches": 0, "num_partial_branches": 0, "covered_branches": 0, "missing_branches": 0, "percent_branches_covered": 100.0, "percent_branches_covered_display": "100"}, "missing_lines": [], "excluded_lines": [], "start_line": 143, "executed_branches": [], "missing_branches": []}, "fetch_indicator_history": {"executed_lines": [250, 251, 253, 254, 257, 259, 261, 262, 263, 265, 267, 268, 269, 270, 271, 273, 274, 275, 276, 277, 278, 280, 281, 282, 290], "summary": {"covered_lines": 25, "num_statements": 25, "percent_covered": 93.02325581395348, "percent_covered_display": "93", "missing_lines": 0, "excluded_lines": 0, "percent_statements_covered": 100.0, "percent_statements_covered_display": "100", "num_branches": 18, "num_partial_branches": 3, "covered_branches": 15, "missing_branches": 3, "percent_branches_covered": 83.33333333333333, "percent_branches_covered_display": "83"}, "missing_lines": [], "excluded_lines": [], "start_line": 248, "executed_branches": [[250, 251], [250, 253], [261, 262], [261, 265], [265, 267], [265, 273], [268, 269], [268, 290], [269, 270], [273, 274], [273, 280], [275, 276], [275, 290], [276, 277], [280, 281]], "missing_branches": [[269, 268], [276, 275], [280, 290]]}, "": {"executed_lines": [9, 10, 12, 13, 15, 17, 18, 23, 39, 63, 87, 115, 142, 224, 248], "summary": {"covered_lines": 15, "num_statements": 15, "percent_covered": 100.0, "percent_covered_display": "100", "missing_lines": 0, "excluded_lines": 0, "percent_statements_covered": 100.0, "percent_statements_covered_display": "100", "num_branches": 0, "num_partial_branches": 0, "covered_branches": 0, "missing_branches": 0, "percent_branches_covered": 100.0, "percent_branches_covered_display": "100"}, "missing_lines": [], "excluded_lines": [], "start_line": 1, "executed_branches": [], "missing_branches": []}}, "classes": {"": {"executed_lines": [9, 10, 12, 13, 15, 17, 18, 23, 25, 32, 33, 34, 35, 36, 39, 41, 42, 43, 45, 46, 47, 48, 59, 60, 63, 65, 66, 67, 68, 69, 70, 71, 72, 83, 84, 87, 89, 90, 91, 92, 93, 94, 95, 96, 97, 98, 109, 110, 115, 117, 118, 119, 120, 121, 122, 123, 124, 125, 136, 137, 142, 143, 144, 146, 214, 224, 248, 250, 251, 253, 254, 257, 259, 261, 262, 263, 265, 267, 268, 269, 270, 271, 273, 274, 275, 276, 277, 278, 280, 281, 282, 290], "summary": {"covered_lines": 92, "num_statements": 93, "percent_covered": 95.1219512195122, "percent_covered_display": "95", "missing_lines": 1, "excluded_lines": 0, "percent_statements_covered": 98.9247311827957, "percent_statements_covered_display": "99", "num_branches": 30, "num_partial_branches": 5, "covered_branches": 25, "missing_branches": 5, "percent_branches_covered": 83.33333333333333, "percent_branches_covered_display": "83"}, "missing_lines": [44], "excluded_lines": [], "start_line": 1, "executed_branches": [[32, 33], [32, 34], [43, 45], [67, 68], [67, 69], [91, 92], [91, 93], [95, 96], [119, 120], [119, 121], [250, 251], [250, 253], [261, 262], [261, 265], [265, 267], [265, 273], [268, 269], [268, 290], [269, 270], [273, 274], [273, 280], [275, 276], [275, 290], [276, 277], [280, 281]], "missing_branches": [[43, 44], [95, 97], [269, 268], [276, 275], [280, 290]]}}}, "app\\main.py": {"executed_lines": [1, 2, 3, 4, 5, 6, 7, 8, 9, 10, 11, 12, 13, 14, 16, 17, 18, 19, 20, 21, 23, 26, 27, 28, 29, 33, 34, 35, 38, 43, 52, 53, 56, 57, 58, 59, 60, 70, 75, 83, 86, 87, 88, 89, 90, 95, 96, 97, 100, 101, 102, 107, 108, 110, 113, 114, 115, 116, 117, 118, 119, 120, 122, 123, 125, 126, 127, 128, 129, 130, 131, 133, 141, 142, 143, 146, 147, 148, 149, 151, 161, 162, 163, 164, 165, 166, 168, 169, 170, 171, 172, 173, 174, 176, 177, 178, 179, 181, 185, 188, 189, 190, 191, 192, 193, 195, 196, 197, 198, 199, 200, 201, 203, 204, 205, 206, 208, 212, 215, 216, 217, 219, 220, 221, 223, 224, 225, 227, 228, 229, 230, 231, 232, 233, 234, 235, 236, 238, 239, 240, 241, 242, 243, 244, 245, 246, 247, 254, 255, 256, 257, 258, 259, 260, 263, 264, 265, 268, 269, 270, 271, 272, 273, 275, 276, 277, 278, 279, 280, 281, 283, 284, 285, 286, 288, 292, 295, 296, 297, 298, 299, 301, 302, 303, 304, 305, 306, 307, 308, 309, 311, 312, 313, 314, 315, 317, 318, 321, 322, 323, 324, 325, 332, 334, 335, 336, 337, 338, 339, 341, 342, 344, 345, 346, 348, 349, 350, 351, 353, 354, 357, 358, 359, 360, 361, 363, 364, 365, 366, 367, 368, 370, 371, 374, 375, 376, 378, 379, 380, 384, 385, 386, 387, 388, 389, 390, 392, 393, 396, 397, 398, 399, 402, 403, 404, 405, 406, 409, 410, 411, 412, 413, 415, 416, 418, 419, 421, 423, 424, 427, 429, 430, 431, 432, 433, 434, 442, 446, 448, 449, 454, 455, 456, 457, 458, 459, 460, 463, 464, 465, 467, 468, 469, 471, 472, 476, 478, 480, 481, 484, 485, 486, 487, 488, 489, 490, 493, 495, 497, 498, 500, 501, 504, 505, 506, 509, 510, 511, 512, 513, 514, 515, 516, 517, 518, 519, 520, 521, 522, 526, 528, 529, 530, 532, 534, 537, 538, 539, 540, 541, 542, 543, 547, 549, 550, 552, 553, 555, 556, 557, 561, 565, 567, 568, 573, 574, 575, 576, 577, 578, 582, 584, 585, 588, 589, 590, 591, 592, 593, 594, 595, 599, 601, 604, 605, 606, 607, 608, 609, 610, 614, 616], "summary": {"covered_lines": 382, "num_statements": 386, "percent_covered": 95.64315352697095, "percent_covered_display": "96", "missing_lines": 4, "excluded_lines": 0, "percent_statements_covered": 98.96373056994818, "percent_statements_covered_display": "99", "num_branches": 96, "num_partial_branches": 17, "covered_branches": 79, "missing_branches": 17, "percent_branches_covered": 82.29166666666667, "percent_branches_covered_display": "82"}, "missing_lines": [340, 369, 381, 382], "excluded_lines": [], "executed_branches": [[57, 58], [57, 70], [87, 88], [87, 89], [115, 116], [115, 122], [117, 118], [119, 120], [119, 122], [122, 123], [122, 125], [169, 170], [169, 176], [171, 172], [173, 174], [196, 197], [196, 203], [198, 199], [200, 201], [220, 221], [220, 223], [227, 228], [227, 238], [229, 230], [229, 236], [231, 232], [233, 234], [233, 236], [238, 239], [242, 243], [242, 263], [244, 245], [244, 247], [259, 260], [259, 263], [276, 277], [276, 283], [278, 279], [280, 281], [302, 303], [302, 311], [304, 305], [306, 307], [306, 308], [308, 309], [308, 311], [335, 336], [335, 344], [337, 338], [339, 341], [341, 342], [345, 346], [345, 348], [364, 365], [364, 374], [366, 367], [368, 370], [370, 371], [375, 376], [375, 378], [410, 411], [410, 415], [412, 413], [423, 424], [423, 427], [430, 431], [430, 442], [432, 433], [432, 434], [464, 465], [464, 467], [497, 498], [497, 500], [518, 519], [518, 532], [549, 550], [549, 552], [552, 553], [552, 555]], "missing_branches": [[117, 122], [171, 176], [173, 176], [198, 203], [200, 203], [231, 236], [238, 263], [278, 283], [280, 283], [304, 311], [337, 344], [339, 340], [341, 344], [366, 374], [368, 369], [370, 374], [412, 415]], "functions": {"startup_event": {"executed_lines": [35], "summary": {"covered_lines": 1, "num_statements": 1, "percent_covered": 100.0, "percent_covered_display": "100", "missing_lines": 0, "excluded_lines": 0, "percent_statements_covered": 100.0, "percent_statements_covered_display": "100", "num_branches": 0, "num_partial_branches": 0, "covered_branches": 0, "missing_branches": 0, "percent_branches_covered": 100.0, "percent_branches_covered_display": "100"}, "missing_lines": [], "excluded_lines": [], "start_line": 34, "executed_branches": [], "missing_branches": []}, "_send_reset_email": {"executed_lines": [57, 58, 59, 60, 70], "summary": {"covered_lines": 5, "num_statements": 5, "percent_covered": 100.0, "percent_covered_display": "100", "missing_lines": 0, "excluded_lines": 0, "percent_statements_covered": 100.0, "percent_statements_covered_display": "100", "num_branches": 2, "num_partial_branches": 0, "covered_branches": 2, "missing_branches": 0, "percent_branches_covered": 100.0, "percent_branches_covered_display": "100"}, "missing_lines": [], "excluded_lines": [], "start_line": 56, "executed_branches": [[57, 58], [57, 70]], "missing_branches": []}, "_filter_bars": {"executed_lines": [87, 88, 89, 90], "summary": {"covered_lines": 4, "num_statements": 4, "percent_covered": 100.0, "percent_covered_display": "100", "missing_lines": 0, "excluded_lines": 0, "percent_statements_covered": 100.0, "percent_statements_covered_display": "100", "num_branches": 2, "num_partial_branches": 0, "covered_branches": 2, "missing_branches": 0, "percent_branches_covered": 100.0, "percent_branches_covered_display": "100"}, "missing_lines": [], "excluded_lines": [], "start_line": 86, "executed_branches": [[87, 88], [87, 89]], "missing_branches": []}, "health": {"executed_lines": [97], "summary": {"covered_lines": 1, "num_statements": 1, "percent_covered": 100.0, "percent_covered_display": "100", "missing_lines": 0, "excluded_lines": 0, "percent_statements_covered": 100.0, "percent_statements_covered_display": "100", "num_branches": 0, "num_partial_branches": 0, "covered_branches": 0, "missing_branches": 0, "percent_branches_covered": 100.0, "percent_branches_covered_display": "100"}, "missing_lines": [], "excluded_lines": [], "start_line": 96, "executed_branches": [], "missing_branches": []}, "get_stock": {"executed_lines": [107, 108, 110, 113, 114, 115, 116, 117, 118, 119, 120, 122, 123, 125, 126, 127, 128, 129, 130, 131, 133, 141, 142, 143, 146, 147, 148, 149, 151], "summary": {"covered_lines": 29, "num_statements": 29, "percent_covered": 97.29729729729729, "percent_covered_display": "97", "missing_lines": 0, "excluded_lines": 0, "percent_statements_covered": 100.0, "percent_statements_covered_display": "100", "num_branches": 8, "num_partial_branches": 1, "covered_branches": 7, "missing_branches": 1, "percent_branches_covered": 87.5, "percent_branches_covered_display": "88"}, "missing_lines": [], "excluded_lines": [], "start_line": 102, "executed_branches": [[115, 116], [115, 122], [117, 118], [119, 120], [119, 122], [122, 123], [122, 125]], "missing_branches": [[117, 122]]}, "get_earnings": {"executed_lines": [164, 165, 166, 168, 169, 170, 171, 172, 173, 174, 176, 177, 178, 179, 181, 185], "summary": {"covered_lines": 16, "num_statements": 16, "percent_covered": 90.9090909090909, "percent_covered_display": "91", "missing_lines": 0, "excluded_lines": 0, "percent_statements_covered": 100.0, "percent_statements_covered_display": "100", "num_branches": 6, "num_partial_branches": 2, "covered_branches": 4, "missing_branches": 2, "percent_branches_covered": 66.66666666666667, "percent_branches_covered_display": "67"}, "missing_lines": [], "excluded_lines": [], "start_line": 163, "executed_branches": [[169, 170], [169, 176], [171, 172], [173, 174]], "missing_branches": [[171, 176], [173, 176]]}, "get_news": {"executed_lines": [191, 192, 193, 195, 196, 197, 198, 199, 200, 201, 203, 204, 205, 206, 208, 212], "summary": {"covered_lines": 16, "num_statements": 16, "percent_covered": 90.9090909090909, "percent_covered_display": "91", "missing_lines": 0, "excluded_lines": 0, "percent_statements_covered": 100.0, "percent_statements_covered_display": "100", "num_branches": 6, "num_partial_branches": 2, "covered_branches": 4, "missing_branches": 2, "percent_branches_covered": 66.66666666666667, "percent_branches_covered_display": "67"}, "missing_lines": [], "excluded_lines": [], "start_line": 190, "executed_branches": [[196, 197], [196, 203], [198, 199], [200, 201]], "missing_branches": [[198, 203], [200, 203]]}, "prices": {"executed_lines": [219, 220, 221, 223, 224, 225, 227, 228, 229, 230, 231, 232, 233, 234, 235, 236, 238, 239, 240, 241, 242, 243, 244, 245, 246, 247, 254, 255, 256, 257, 258, 259, 260, 263, 264, 265], "summary": {"covered_lines": 36, "num_statements": 36, "percent_covered": 96.29629629629629, "percent_covered_display": "96", "missing_lines": 0, "excluded_lines": 0, "percent_statements_covered": 100.0, "percent_statements_covered_display": "100", "num_branches": 18, "num_partial_branches": 2, "covered_branches": 16, "missing_branches": 2, "percent_branches_covered": 88.88888888888889, "percent_branches_covered_display": "89"}, "missing_lines": [], "excluded_lines": [], "start_line": 217, "executed_branches": [[220, 221], [220, 223], [227, 228], [227, 238], [229, 230], [229, 236], [231, 232], [233, 234], [233, 236], [238, 239], [242, 243], [242, 263], [244, 245], [244, 247], [259, 260], [259, 263]], "missing_branches": [[231, 236], [238, 263]]}, "get_sec_filings": {"executed_lines": [271, 272, 273, 275, 276, 277, 278, 279, 280, 281, 283, 284, 285, 286, 288, 292], "summary": {"covered_lines": 16, "num_statements": 16, "percent_covered": 90.9090909090909, "percent_covered_display": "91", "missing_lines": 0, "excluded_lines": 0, "percent_statements_covered": 100.0, "percent_statements_covered_display": "100", "num_branches": 6, "num_partial_branches": 2, "covered_branches": 4, "missing_branches": 2, "percent_branches_covered": 66.66666666666667, "percent_branches_covered_display": "67"}, "missing_lines": [], "excluded_lines": [], "start_line": 270, "executed_branches": [[276, 277], [276, 283], [278, 279], [280, 281]], "missing_branches": [[278, 283], [280, 283]]}, "get_market_summary": {"executed_lines": [298, 299, 301, 302, 303, 304, 305, 306, 307, 308, 309, 311, 312, 313, 314, 315, 317, 318], "summary": {"covered_lines": 18, "num_statements": 18, "percent_covered": 96.15384615384616, "percent_covered_display": "96", "missing_lines": 0, "excluded_lines": 0, "percent_statements_covered": 100.0, "percent_statements_covered_display": "100", "num_branches": 8, "num_partial_branches": 1, "covered_branches": 7, "missing_branches": 1, "percent_branches_covered": 87.5, "percent_branches_covered_display": "88"}, "missing_lines": [], "excluded_lines": [], "start_line": 297, "executed_branches": [[302, 303], [302, 311], [304, 305], [306, 307], [306, 308], [308, 309], [308, 311]], "missing_branches": [[304, 311]]}, "get_indicator_history": {"executed_lines": [324, 325, 332, 334, 335, 336, 337, 338, 339, 341, 342, 344, 345, 346, 348, 349, 350, 351, 353, 354], "summary": {"covered_lines": 20, "num_statements": 21, "percent_covered": 87.09677419354838, "percent_covered_display": "87", "missing_lines": 1, "excluded_lines": 0, "percent_statements_covered": 95.23809523809524, "percent_statements_covered_display": "95", "num_branches": 10, "num_partial_branches": 3, "covered_branches": 7, "missing_branches": 3, "percent_branches_covered": 70.0, "percent_branches_covered_display": "70"}, "missing_lines": [340], "excluded_lines": [], "start_line": 323, "executed_branches": [[335, 336], [335, 344], [337, 338], [339, 341], [341, 342], [345, 346], [345, 348]], "missing_branches": [[337, 344], [339, 340], [341, 344]]}, "get_market_analysis": {"executed_lines": [360, 361, 363, 364, 365, 366, 367, 368, 370, 371, 374, 375, 376, 378, 379, 380, 384, 385, 386, 387, 388, 389, 390, 392, 393], "summary": {"covered_lines": 25, "num_statements": 28, "percent_covered": 84.21052631578948, "percent_covered_display": "84", "missing_lines": 3, "excluded_lines": 0, "percent_statements_covered": 89.28571428571429, "percent_statements_covered_display": "89", "num_branches": 10, "num_partial_branches": 3, "covered_branches": 7, "missing_branches": 3, "percent_branches_covered": 70.0, "percent_branches_covered_display": "70"}, "missing_lines": [369, 381, 382], "excluded_lines": [], "start_line": 359, "executed_branches": [[364, 365], [364, 374], [366, 367], [368, 370], [370, 371], [375, 376], [375, 378]], "missing_branches": [[366, 374], [368, 369], [370, 374]]}, "search": {"executed_lines": [399], "summary": {"covered_lines": 1, "num_statements": 1, "percent_covered": 100.0, "percent_covered_display": "100", "missing_lines": 0, "excluded_lines": 0, "percent_statements_covered": 100.0, "percent_statements_covered_display": "100", "num_branches": 0, "num_partial_branches": 0, "covered_branches": 0, "missing_branches": 0, "percent_branches_covered": 100.0, "percent_branches_covered_display": "100"}, "missing_lines": [], "excluded_lines": [], "start_line": 398, "executed_branches": [], "missing_branches": []}, "trending": {"executed_lines": [405, 406, 409, 410, 411, 412, 413, 415, 416, 418, 419, 421, 423, 424, 427, 429, 430, 431, 432, 433, 434, 442, 446, 448, 449], "summary": {"covered_lines": 25, "num_statements": 25, "percent_covered": 97.14285714285714, "percent_covered_display": "97", "missing_lines": 0, "excluded_lines": 0, "percent_statements_covered": 100.0, "percent_statements_covered_display": "100", "num_branches": 10, "num_partial_branches": 1, "covered_branches": 9, "missing_branches": 1, "percent_branches_covered": 90.0, "percent_branches_covered_display": "90"}, "missing_lines": [], "excluded_lines": [], "start_line": 404, "executed_branches": [[410, 411], [410, 415], [412, 413], [423, 424], [423, 427], [430, 431], [430, 442], [432, 433], [432, 434]], "missing_branches": [[412, 415]]}, "signup": {"executed_lines": [457, 458, 459, 460, 463, 464, 465, 467, 468, 469, 471, 472, 476, 478, 480, 481], "summary": {"covered_lines": 16, "num_statements": 16, "percent_covered": 100.0, "percent_covered_display": "100", "missing_lines": 0, "excluded_lines": 0, "percent_statements_covered": 100.0, "percent_statements_covered_display": "100", "num_branches": 2, "num_partial_branches": 0, "covered_branches": 2, "missing_branches": 0, "percent_branches_covered": 100.0, "percent_branches_covered_display": "100"}, "missing_lines": [], "excluded_lines": [], "start_line": 456, "executed_branches": [[464, 465], [464, 467]], "missing_branches": []}, "login": {"executed_lines": [487, 488, 489, 490, 493, 495, 497, 498, 500, 501], "summary": {"covered_lines": 10, "num_statements": 10, "percent_covered": 100.0, "percent_covered_display": "100", "missing_lines": 0, "excluded_lines": 0, "percent_statements_covered": 100.0, "percent_statements_covered_display": "100", "num_branches": 2, "num_partial_branches": 0, "covered_branches": 2, "missing_branches": 0, "percent_branches_covered": 100.0, "percent_branches_covered_display": "100"}, "missing_lines": [], "excluded_lines": [], "start_line": 486, "executed_branches": [[497, 498], [497, 500]], "missing_branches": []}, "me": {"executed_lines": [506], "summary": {"covered_lines": 1, "num_statements": 1, "percent_covered": 100.0, "percent_covered_display": "100", "missing_lines": 0, "excluded_lines": 0, "percent_statements_covered": 100.0, "percent_statements_covered_display": "100", "num_branches": 0, "num_partial_branches": 0, "covered_branches": 0, "missing_branches": 0, "percent_branches_covered": 100.0, "percent_branches_covered_display": "100"}, "missing_lines": [], "excluded_lines": [], "start_line": 505, "executed_branches": [], "missing_branches": []}, "forgot_password": {"executed_lines": [512, 513, 514, 515, 516, 517, 518, 519, 520, 521, 522, 526, 528, 529, 530, 532, 534], "summary": {"covered_lines": 17, "num_statements": 17, "percent_covered": 100.0, "percent_covered_display": "100", "missing_lines": 0, "excluded_lines": 0, "percent_statements_covered": 100.0, "percent_statements_covered_display": "100", "num_branches": 2, "num_partial_branches": 0, "covered_branches": 2, "missing_branches": 0, "percent_branches_covered": 100.0, "percent_branches_covered_display": "100"}, "missing_lines": [], "excluded_lines": [], "start_line": 511, "executed_branches": [[518, 519], [518, 532]], "missing_branches": []}, "reset_password": {"executed_lines": [540, 541, 542, 543, 547, 549, 550, 552, 553, 555, 556, 557, 561, 565, 567, 568], "summary": {"covered_lines": 16, "num_statements": 16, "percent_covered": 100.0, "percent_covered_display": "100", "missing_lines": 0, "excluded_lines": 0, "percent_statements_covered": 100.0, "percent_statements_covered_display": "100", "num_branches": 4, "num_partial_branches": 0, "covered_branches": 4, "missing_branches": 0, "percent_branches_covered": 100.0, "percent_branches_covered_display": "100"}, "missing_lines": [], "excluded_lines": [], "start_line": 539, "executed_branches": [[549, 550], [549, 552], [552, 553], [552, 555]], "missing_branches": []}, "get_watchlist": {"executed_lines": [575, 576, 577, 578, 582, 584, 585], "summary": {"covered_lines": 7, "num_statements": 7, "percent_covered": 100.0, "percent_covered_display": "100", "missing_lines": 0, "excluded_lines": 0, "percent_statements_covered": 100.0, "percent_statements_covered_display": "100", "num_branches": 0, "num_partial_branches": 0, "covered_branches": 0, "missing_branches": 0, "percent_branches_covered": 100.0, "percent_branches_covered_display": "100"}, "missing_lines": [], "excluded_lines": [], "start_line": 574, "executed_branches": [], "missing_branches": []}, "add_to_watchlist": {"executed_lines": [590, 591, 592, 593, 594, 595, 599, 601], "summary": {"covered_lines": 8, "num_statements": 8, "percent_covered": 100.0, "percent_covered_display": "100", "missing_lines": 0, "excluded_lines": 0, "percent_statements_covered": 100.0, "percent_statements_covered_display": "100", "num_branches": 0, "num_partial_branches": 0, "covered_branches": 0, "missing_branches": 0, "percent_branches_covered": 100.0, "percent_branches_covered_display": "100"}, "missing_lines": [], "excluded_lines": [], "start_line": 589, "executed_branches": [], "missing_branches": []}, "remove_from_watchlist": {"executed_lines": [606, 607, 608, 609, 610, 614, 616], "summary": {"covered_lines": 7, "num_statements": 7, "percent_covered": 100.0, "percent_covered_display": "100", "missing_lines": 0, "excluded_lines": 0, "percent_statements_covered": 100.0, "percent_statements_covered_display": "100", "num_branches": 0, "num_partial_branches": 0, "covered_branches": 0, "missing_branches": 0, "percent_branches_covered": 100.0, "percent_branches_covered_display": "100"}, "missing_lines": [], "excluded_lines": [], "start_line": 605, "executed_branches": [], "missing_branches": []}, "": {"executed_lines": [1, 2, 3, 4, 5, 6, 7, 8, 9, 10, 11, 12, 13, 14, 16, 17, 18, 19, 20, 21, 23, 26, 27, 28, 29, 33, 34, 38, 43, 52, 53, 56, 75, 83, 86, 95, 96, 100, 101, 102, 161, 162, 163, 188, 189, 190, 215, 216, 217, 268, 269, 270, 295, 296, 297, 321, 322, 323, 357, 358, 359, 396, 397, 398, 402, 403, 404, 454, 455, 456, 484, 485, 486, 504, 505, 509, 510, 511, 537, 538, 539, 573, 574, 588, 589, 604, 605], "summary": {"covered_lines": 87, "num_statements": 87, "percent_covered": 100.0, "percent_covered_display": "100", "missing_lines": 0, "excluded_lines": 0, "percent_statements_covered": 100.0, "percent_statements_covered_display": "100", "num_branches": 0, "num_partial_branches": 0, "covered_branches": 0, "missing_branches": 0, "percent_branches_covered": 100.0, "percent_branches_covered_display": "100"}, "missing_lines": [], "excluded_lines": [], "start_line": 1, "executed_branches": [], "missing_branches": []}}, "classes": {"": {"executed_lines": [1, 2, 3, 4, 5, 6, 7, 8, 9, 10, 11, 12, 13, 14, 16, 17, 18, 19, 20, 21, 23, 26, 27, 28, 29, 33, 34, 35, 38, 43, 52, 53, 56, 57, 58, 59, 60, 70, 75, 83, 86, 87, 88, 89, 90, 95, 96, 97, 100, 101, 102, 107, 108, 110, 113, 114, 115, 116, 117, 118, 119, 120, 122, 123, 125, 126, 127, 128, 129, 130, 131, 133, 141, 142, 143, 146, 147, 148, 149, 151, 161, 162, 163, 164, 165, 166, 168, 169, 170, 171, 172, 173, 174, 176, 177, 178, 179, 181, 185, 188, 189, 190, 191, 192, 193, 195, 196, 197, 198, 199, 200, 201, 203, 204, 205, 206, 208, 212, 215, 216, 217, 219, 220, 221, 223, 224, 225, 227, 228, 229, 230, 231, 232, 233, 234, 235, 236, 238, 239, 240, 241, 242, 243, 244, 245, 246, 247, 254, 255, 256, 257, 258, 259, 260, 263, 264, 265, 268, 269, 270, 271, 272, 273, 275, 276, 277, 278, 279, 280, 281, 283, 284, 285, 286, 288, 292, 295, 296, 297, 298, 299, 301, 302, 303, 304, 305, 306, 307, 308, 309, 311, 312, 313, 314, 315, 317, 318, 321, 322, 323, 324, 325, 332, 334, 335, 336, 337, 338, 339, 341, 342, 344, 345, 346, 348, 349, 350, 351, 353, 354, 357, 358, 359, 360, 361, 363, 364, 365, 366, 367, 368, 370, 371, 374, 375, 376, 378, 379, 380, 384, 385, 386, 387, 388, 389, 390, 392, 393, 396, 397, 398, 399, 402, 403, 404, 405, 406, 409, 410, 411, 412, 413, 415, 416, 418, 419, 421, 423, 424, 427, 429, 430, 431, 432, 433, 434, 442, 446, 448, 449, 454, 455, 456, 457, 458, 459, 460, 463, 464, 465, 467, 468, 469, 471, 472, 476, 478, 480, 481, 484, 485, 486, 487, 488, 489, 490, 493, 495, 497, 498, 500, 501, 504, 505, 506, 509, 510, 511, 512, 513, 514, 515, 516, 517, 518, 519, 520, 521, 522, 526, 528, 529, 530, 532, 534, 537, 538, 539, 540, 541, 542, 543, 547, 549, 550, 552, 553, 555, 556, 557, 561, 565, 567, 568, 573, 574, 575, 576, 577, 578, 582, 584, 585, 588, 589, 590, 591, 592, 593, 594, 595, 599, 601, 604, 605, 606, 607, 608, 609, 610, 614, 616], "summary": {"covered_lines": 382, "num_statements": 386, "percent_covered": 95.64315352697095, "percent_covered_display": "96", "missing_lines": 4, "excluded_lines": 0, "percent_statements_covered": 98.96373056994818, "percent_statements_covered_display": "99", "num_branches": 96, "num_partial_branches": 17, "covered_branches": 79, "missing_branches": 17, "percent_branches_covered": 82.29166666666667, "percent_branches_covered_display": "82"}, "missing_lines": [340, 369, 381, 382], "excluded_lines": [], "start_line": 1, "executed_branches": [[57, 58], [57, 70], [87, 88], [87, 89], [115, 116], [115, 122], [117, 118], [119, 120], [119, 122], [122, 123], [122, 125], [169, 170], [169, 176], [171, 172], [173, 174], [196, 197], [196, 203], [198, 199], [200, 201], [220, 221], [220, 223], [227, 228], [227, 238], [229, 230], [229, 236], [231, 232], [233, 234], [233, 236], [238, 239], [242, 243], [242, 263], [244, 245], [244, 247], [259, 260], [259, 263], [276, 277], [276, 283], [278, 279], [280, 281], [302, 303], [302, 311], [304, 305], [306, 307], [306, 308], [308, 309], [308, 311], [335, 336], [335, 344], [337, 338], [339, 341], [341, 342], [345, 346], [345, 348], [364, 365], [364, 374], [366, 367], [368, 370], [370, 371], [375, 376], [375, 378], [410, 411], [410, 415], [412, 413], [423, 424], [423, 427], [430, 431], [430, 442], [432, 433], [432, 434], [464, 465], [464, 467], [497, 498], [497, 500], [518, 519], [518, 532], [549, 550], [549, 552], [552, 553], [552, 555]], "missing_branches": [[117, 122], [171, 176], [173, 176], [198, 203], [200, 203], [231, 236], [238, 263], [278, 283], [280, 283], [304, 311], [337, 344], [339, 340], [341, 344], [366, 374], [368, 369], [370, 374], [412, 415]]}}}, "app\\models.py": {"executed_lines": [1, 2, 5, 6, 7, 8, 9, 10, 11, 14, 15, 16, 17, 18, 19, 20, 21, 22, 25, 26, 27, 28, 29, 30, 31, 32, 33, 34, 35, 36, 37, 38, 39, 40, 41, 42, 43, 44, 45, 48, 49, 50, 51, 52, 53, 54, 57, 58, 59, 62, 63, 64, 67, 68, 69, 72, 73, 74, 77, 78, 79, 80, 81, 84, 85, 86, 87, 88, 89, 90, 91, 94, 95, 96, 97, 98, 99, 102, 103, 106, 107, 108, 111, 112, 115, 116, 117, 118, 119, 120, 123, 124, 125, 128, 129, 130, 131, 132, 135, 136, 137, 138, 139, 140, 141, 142, 143, 144, 147, 148, 149, 152, 153, 154, 157, 158, 159, 160, 163, 164, 165, 166, 169, 170, 171, 172, 173, 174, 175, 176, 177], "summary": {"covered_lines": 131, "num_statements": 131, "percent_covered": 100.0, "percent_covered_display": "100", "missing_lines": 0, "excluded_lines": 0, "percent_statements_covered": 100.0, "percent_statements_covered_display": "100", "num_branches": 0, "num_partial_branches": 0, "covered_branches": 0, "missing_branches": 0, "percent_branches_covered": 100.0, "percent_branches_covered_display": "100"}, "missing_lines": [], "excluded_lines": [], "executed_branches": [], "missing_branches": [], "functions": {"": {"executed_lines": [1, 2, 5, 6, 7, 8, 9, 10, 11, 14, 15, 16, 17, 18, 19, 20, 21, 22, 25, 26, 27, 28, 29, 30, 31, 32, 33, 34, 35, 36, 37, 38, 39, 40, 41, 42, 43, 44, 45, 48, 49, 50, 51, 52, 53, 54, 57, 58, 59, 62, 63, 64, 67, 68, 69, 72, 73, 74, 77, 78, 79, 80, 81, 84, 85, 86, 87, 88, 89, 90, 91, 94, 95, 96, 97, 98, 99, 102, 103, 106, 107, 108, 111, 112, 115, 116, 117, 118, 119, 120, 123, 124, 125, 128, 129, 130, 131, 132, 135, 136, 137, 138, 139, 140, 141, 142, 143, 144, 147, 148, 149, 152, 153, 154, 157, 158, 159, 160, 163, 164, 165, 166, 169, 170, 171, 172, 173, 174, 175, 176, 177], "summary": {"covered_lines": 131, "num_statements": 131, "percent_covered": 100.0, "percent_covered_display": "100", "missing_lines": 0, "excluded_lines": 0, "percent_statements_covered": 100.0, "percent_statements_covered_display": "100", "num_branches": 0, "num_partial_branches": 0, "covered_branches": 0, "missing_branches": 0, "percent_branches_covered": 100.0, "percent_branches_covered_display": "100"}, "missing_lines": [], "excluded_lines": [], "start_line": 1, "executed_branches": [], "missing_branches": []}}, "classes": {"OHLCBar": {"executed_lines": [], "summary": {"covered_lines": 0, "num_statements": 0, "percent_covered": 100.0, "percent_covered_display": "100", "missing_lines": 0, "excluded_lines": 0, "percent_statements_covered": 100.0, "percent_statements_covered_display": "100", "num_branches": 0, "num_partial_branches": 0, "covered_branches": 0, "missing_branches": 0, "percent_branches_covered": 100.0, "percent_branches_covered_display": "100"}, "missing_lines": [], "excluded_lines": [], "start_line": 5, "executed_branches": [], "missing_branches": []}, "NewsEvent": {"executed_lines": [], "summary": {"covered_lines": 0, "num_statements": 0, "percent_covered": 100.0, "percent_covered_display": "100", "missing_lines": 0, "excluded_lines": 0, "percent_statements_covered": 100.0, "percent_statements_covered_display": "100", "num_branches": 0, "num_partial_branches": 0, "covered_branches": 0, "missing_branches": 0, "percent_branches_covered": 100.0, "percent_branches_covered_display": "100"}, "missing_lines": [], "excluded_lines": [], "start_line": 14, "executed_branches": [], "missing_branches": []}, "StockMeta": {"executed_lines": [], "summary": {"covered_lines": 0, "num_statements": 0, "percent_covered": 100.0, "percent_covered_display": "100", "missing_lines": 0, "excluded_lines": 0, "percent_statements_covered": 100.0, "percent_statements_covered_display": "100", "num_branches": 0, "num_partial_branches": 0, "covered_branches": 0, "missing_branches": 0, "percent_branches_covered": 100.0, "percent_branches_covered_display": "100"}, "missing_lines": [], "excluded_lines": [], "start_line": 25, "executed_branches": [], "missing_branches": []}, "StockResponse": {"executed_lines": [], "summary": {"covered_lines": 0, "num_statements": 0, "percent_covered": 100.0, "percent_covered_display": "100", "missing_lines": 0, "excluded_lines": 0, "percent_statements_covered": 100.0, "percent_statements_covered_display": "100", "num_branches": 0, "num_partial_branches": 0, "covered_branches": 0, "missing_branches": 0, "percent_branches_covered": 100.0, "percent_branches_covered_display": "100"}, "missing_lines": [], "excluded_lin
[...]
branches": []}, "_build_s3_key": {"executed_lines": [99, 100, 101, 102], "summary": {"covered_lines": 4, "num_statements": 4, "percent_covered": 100.0, "percent_covered_display": "100", "missing_lines": 0, "excluded_lines": 0, "percent_statements_covered": 100.0, "percent_statements_covered_display": "100", "num_branches": 2, "num_partial_branches": 0, "covered_branches": 2, "missing_branches": 0, "percent_branches_covered": 100.0, "percent_branches_covered_display": "100"}, "missing_lines": [], "excluded_lines": [], "start_line": 98, "executed_branches": [[100, 101], [100, 102]], "missing_branches": []}, "_now_iso": {"executed_lines": [106], "summary": {"covered_lines": 1, "num_statements": 1, "percent_covered": 100.0, "percent_covered_display": "100", "missing_lines": 0, "excluded_lines": 0, "percent_statements_covered": 100.0, "percent_statements_covered_display": "100", "num_branches": 0, "num_partial_branches": 0, "covered_branches": 0, "missing_branches": 0, "percent_branches_covered": 100.0, "percent_branches_covered_display": "100"}, "missing_lines": [], "excluded_lines": [], "start_line": 105, "executed_branches": [], "missing_branches": []}, "_source_from_url": {"executed_lines": [110, 111, 112, 113, 114, 115, 116, 117, 118], "summary": {"covered_lines": 9, "num_statements": 9, "percent_covered": 100.0, "percent_covered_display": "100", "missing_lines": 0, "excluded_lines": 0, "percent_statements_covered": 100.0, "percent_statements_covered_display": "100", "num_branches": 8, "num_partial_branches": 0, "covered_branches": 8, "missing_branches": 0, "percent_branches_covered": 100.0, "percent_branches_covered_display": "100"}, "missing_lines": [], "excluded_lines": [], "start_line": 109, "executed_branches": [[110, 111], [110, 112], [112, 113], [112, 114], [114, 115], [114, 116], [116, 117], [116, 118]], "missing_branches": []}, "_parse_sentiment": {"executed_lines": [122, 123, 124, 125, 126, 127, 128, 129, 130, 131, 132, 133, 134, 136, 137, 140], "summary": {"covered_lines": 16, "num_statements": 18, "percent_covered": 80.76923076923077, "percent_covered_display": "81", "missing_lines": 2, "excluded_lines": 0, "percent_statements_covered": 88.88888888888889, "percent_statements_covered_display": "89", "num_branches": 8, "num_partial_branches": 3, "covered_branches": 5, "missing_branches": 3, "percent_branches_covered": 62.5, "percent_branches_covered_display": "62"}, "missing_lines": [138, 139], "excluded_lines": [], "start_line": 121, "executed_branches": [[124, 125], [124, 136], [127, 128], [128, 129], [131, 132]], "missing_branches": [[127, 136], [128, 127], [131, 127]]}, "_load_filtered_csv": {"executed_lines": [144, 145, 146, 148, 149, 150, 151, 152, 153, 154, 156, 157, 158, 159, 160, 162, 163, 166, 167, 171, 187], "summary": {"covered_lines": 21, "num_statements": 25, "percent_covered": 86.20689655172414, "percent_covered_display": "86", "missing_lines": 4, "excluded_lines": 0, "percent_statements_covered": 84.0, "percent_statements_covered_display": "84", "num_branches": 4, "num_partial_branches": 0, "covered_branches": 4, "missing_branches": 0, "percent_branches_covered": 100.0, "percent_branches_covered_display": "100"}, "missing_lines": [164, 165, 168, 169], "excluded_lines": [], "start_line": 143, "executed_branches": [[149, 150], [149, 187], [153, 154], [153, 156]], "missing_branches": []}, "_replace_ticker_events": {"executed_lines": [191, 192, 193, 194, 222], "summary": {"covered_lines": 5, "num_statements": 5, "percent_covered": 100.0, "percent_covered_display": "100", "missing_lines": 0, "excluded_lines": 0, "percent_statements_covered": 100.0, "percent_statements_covered_display": "100", "num_branches": 2, "num_partial_branches": 0, "covered_branches": 2, "missing_branches": 0, "percent_branches_covered": 100.0, "percent_branches_covered_display": "100"}, "missing_lines": [], "excluded_lines": [], "start_line": 190, "executed_branches": [[193, 194], [193, 222]], "missing_branches": []}, "_record_pipeline_run": {"executed_lines": [226, 227], "summary": {"covered_lines": 2, "num_statements": 2, "percent_covered": 100.0, "percent_covered_display": "100", "missing_lines": 0, "excluded_lines": 0, "percent_statements_covered": 100.0, "percent_statements_covered_display": "100", "num_branches": 0, "num_partial_branches": 0, "covered_branches": 0, "missing_branches": 0, "percent_branches_covered": 100.0, "percent_branches_covered_display": "100"}, "missing_lines": [], "excluded_lines": [], "start_line": 225, "executed_branches": [], "missing_branches": []}, "_write_filtered_results_to_db": {"executed_lines": [246, 247, 248, 249, 250, 251, 252, 253, 261, 262, 263, 264, 265, 266, 274, 277, 279], "summary": {"covered_lines": 17, "num_statements": 19, "percent_covered": 89.47368421052632, "percent_covered_display": "89", "missing_lines": 2, "excluded_lines": 0, "percent_statements_covered": 89.47368421052632, "percent_statements_covered_display": "89", "num_branches": 0, "num_partial_branches": 0, "covered_branches": 0, "missing_branches": 0, "percent_branches_covered": 100.0, "percent_branches_covered_display": "100"}, "missing_lines": [275, 276], "excluded_lines": [], "start_line": 245, "executed_branches": [], "missing_branches": []}, "run_pipeline_for_ticker": {"executed_lines": [306, 307, 309, 310, 311, 312, 313, 315, 316, 317, 318, 324, 326, 327, 329, 330, 331, 332, 333, 334, 335, 337, 338, 339, 340, 341, 342, 344, 359, 360, 361, 362, 364, 371, 373, 374, 379, 380, 382, 383, 384, 386, 387, 388, 389, 390, 392, 393, 394, 395, 396, 398], "summary": {"covered_lines": 52, "num_statements": 52, "percent_covered": 100.0, "percent_covered_display": "100", "missing_lines": 0, "excluded_lines": 0, "percent_statements_covered": 100.0, "percent_statements_covered_display": "100", "num_branches": 2, "num_partial_branches": 0, "covered_branches": 2, "missing_branches": 0, "percent_branches_covered": 100.0, "percent_branches_covered_display": "100"}, "missing_lines": [], "excluded_lines": [], "start_line": 282, "executed_branches": [[361, 362], [361, 364]], "missing_branches": []}, "main": {"executed_lines": [402, 403, 404], "summary": {"covered_lines": 3, "num_statements": 3, "percent_covered": 100.0, "percent_covered_display": "100", "missing_lines": 0, "excluded_lines": 0, "percent_statements_covered": 100.0, "percent_statements_covered_display": "100", "num_branches": 0, "num_partial_branches": 0, "covered_branches": 0, "missing_branches": 0, "percent_branches_covered": 100.0, "percent_branches_covered_display": "100"}, "missing_lines": [], "excluded_lines": [], "start_line": 401, "executed_branches": [], "missing_branches": []}, "": {"executed_lines": [1, 2, 3, 4, 5, 6, 7, 8, 9, 11, 13, 23, 30, 37, 42, 46, 98, 105, 109, 121, 143, 190, 225, 245, 282, 401, 429], "summary": {"covered_lines": 27, "num_statements": 28, "percent_covered": 93.33333333333333, "percent_covered_display": "93", "missing_lines": 1, "excluded_lines": 0, "percent_statements_covered": 96.42857142857143, "percent_statements_covered_display": "96", "num_branches": 2, "num_partial_branches": 1, "covered_branches": 1, "missing_branches": 1, "percent_branches_covered": 50.0, "percent_branches_covered_display": "50"}, "missing_lines": [430], "excluded_lines": [], "start_line": 1, "executed_branches": [[429, -1]], "missing_branches": [[429, 430]]}}, "classes": {"": {"executed_lines": [1, 2, 3, 4, 5, 6, 7, 8, 9, 11, 13, 23, 24, 25, 26, 27, 30, 31, 32, 33, 37, 38, 39, 42, 43, 46, 47, 50, 51, 52, 57, 62, 67, 72, 77, 82, 83, 84, 85, 86, 87, 88, 89, 90, 91, 92, 93, 94, 95, 98, 99, 100, 101, 102, 105, 106, 109, 110, 111, 112, 113, 114, 115, 116, 117, 118, 121, 122, 123, 124, 125, 126, 127, 128, 129, 130, 131, 132, 133, 134, 136, 137, 140, 143, 144, 145, 146, 148, 149, 150, 151, 152, 153, 154, 156, 157, 158, 159, 160, 162, 163, 166, 167, 171, 187, 190, 191, 192, 193, 194, 222, 225, 226, 227, 245, 246, 247, 248, 249, 250, 251, 252, 253, 261, 262, 263, 264, 265, 266, 274, 277, 279, 282, 306, 307, 309, 310, 311, 312, 313, 315, 316, 317, 318, 324, 326, 327, 329, 330, 331, 332, 333, 334, 335, 337, 338, 339, 340, 341, 342, 344, 359, 360, 361, 362, 364, 371, 373, 374, 379, 380, 382, 383, 384, 386, 387, 388, 389, 390, 392, 393, 394, 395, 396, 398, 401, 402, 403, 404, 429], "summary": {"covered_lines": 190, "num_statements": 200, "percent_covered": 93.53448275862068, "percent_covered_display": "94", "missing_lines": 10, "excluded_lines": 0, "percent_statements_covered": 95.0, "percent_statements_covered_display": "95", "num_branches": 32, "num_partial_branches": 5, "covered_branches": 27, "missing_branches": 5, "percent_branches_covered": 84.375, "percent_branches_covered_display": "84"}, "missing_lines": [34, 138, 139, 164, 165, 168, 169, 275, 276, 430], "excluded_lines": [], "start_line": 1, "executed_branches": [[25, 26], [25, 27], [32, 33], [100, 101], [100, 102], [110, 111], [110, 112], [112, 113], [112, 114], [114, 115], [114, 116], [116, 117], [116, 118], [124, 125], [124, 136], [127, 128], [128, 129], [131, 132], [149, 150], [149, 187], [153, 154], [153, 156], [193, 194], [193, 222], [361, 362], [361, 364], [429, -1]], "missing_branches": [[32, 34], [127, 136], [128, 127], [131, 127], [429, 430]]}}}, "app\\profiling.py": {"executed_lines": [1, 2, 3, 4, 5, 7, 9, 10, 11, 12, 14, 15, 16, 17, 18, 19, 21, 23], "summary": {"covered_lines": 18, "num_statements": 19, "percent_covered": 90.47619047619048, "percent_covered_display": "90", "missing_lines": 1, "excluded_lines": 0, "percent_statements_covered": 94.73684210526316, "percent_statements_covered_display": "95", "num_branches": 2, "num_partial_branches": 1, "covered_branches": 1, "missing_branches": 1, "percent_branches_covered": 50.0, "percent_branches_covered_display": "50"}, "missing_lines": [24], "excluded_lines": [], "executed_branches": [[23, -1]], "missing_branches": [[23, 24]], "functions": {"main": {"executed_lines": [15, 16, 17, 18, 19, 21], "summary": {"covered_lines": 6, "num_statements": 6, "percent_covered": 100.0, "percent_covered_display": "100", "missing_lines": 0, "excluded_lines": 0, "percent_statements_covered": 100.0, "percent_statements_covered_display": "100", "num_branches": 0, "num_partial_branches": 0, "covered_branches": 0, "missing_branches": 0, "percent_branches_covered": 100.0, "percent_branches_covered_display": "100"}, "missing_lines": [], "excluded_lines": [], "start_line": 14, "executed_branches": [], "missing_branches": []}, "": {"executed_lines": [1, 2, 3, 4, 5, 7, 9, 10, 11, 12, 14, 23], "summary": {"covered_lines": 12, "num_statements": 13, "percent_covered": 86.66666666666667, "percent_covered_display": "87", "missing_lines": 1, "excluded_lines": 0, "percent_statements_covered": 92.3076923076923, "percent_statements_covered_display": "92", "num_branches": 2, "num_partial_branches": 1, "covered_branches": 1, "missing_branches": 1, "percent_branches_covered": 50.0, "percent_branches_covered_display": "50"}, "missing_lines": [24], "excluded_lines": [], "start_line": 1, "executed_branches": [[23, -1]], "missing_branches": [[23, 24]]}}, "classes": {"": {"executed_lines": [1, 2, 3, 4, 5, 7, 9, 10, 11, 12, 14, 15, 16, 17, 18, 19, 21, 23], "summary": {"covered_lines": 18, "num_statements": 19, "percent_covered": 90.47619047619048, "percent_covered_display": "90", "missing_lines": 1, "excluded_lines": 0, "percent_statements_covered": 94.73684210526316, "percent_statements_covered_display": "95", "num_branches": 2, "num_partial_branches": 1, "covered_branches": 1, "missing_branches": 1, "percent_branches_covered": 50.0, "percent_branches_covered_display": "50"}, "missing_lines": [24], "excluded_lines": [], "start_line": 1, "executed_branches": [[23, -1]], "missing_branches": [[23, 24]]}}}, "app\\stock.py": {"executed_lines": [7, 8, 9, 12, 14, 16, 17, 19, 20, 21, 31, 34, 36, 37, 38, 39, 42, 50, 55, 57, 60, 67, 68, 70, 93, 94, 97, 99, 101, 102, 103, 104, 106, 107, 109, 110, 111, 112, 116, 117, 118, 119, 120, 121, 122, 124, 132, 133, 136, 138, 139, 140, 141, 142, 144, 145, 146, 147, 150, 151, 154, 155, 156, 159, 160, 161, 162, 163, 167, 168, 171, 174, 175, 176, 177, 178, 179, 181, 182, 183, 184, 186, 196, 197, 200, 201, 202, 203, 204, 205, 206, 207, 208, 209, 210, 211], "summary": {"covered_lines": 96, "num_statements": 100, "percent_covered": 96.72131147540983, "percent_covered_display": "97", "missing_lines": 4, "excluded_lines": 0, "percent_statements_covered": 96.0, "percent_statements_covered_display": "96", "num_branches": 22, "num_partial_branches": 0, "covered_branches": 22, "missing_branches": 0, "percent_branches_covered": 100.0, "percent_branches_covered_display": "100"}, "missing_lines": [113, 114, 164, 165], "excluded_lines": [], "executed_branches": [[16, 17], [16, 19], [20, 21], [20, 31], [106, 107], [106, 109], [110, 111], [110, 132], [142, 144], [142, 196], [146, 147], [146, 150], [160, 161], [160, 167], [177, 178], [177, 181], [182, 183], [182, 184], [204, 205], [204, 211], [207, 204], [207, 208]], "missing_branches": [], "functions": {"fetch_bars": {"executed_lines": [14, 16, 17, 19, 20, 21, 31], "summary": {"covered_lines": 7, "num_statements": 7, "percent_covered": 100.0, "percent_covered_display": "100", "missing_lines": 0, "excluded_lines": 0, "percent_statements_covered": 100.0, "percent_statements_covered_display": "100", "num_branches": 4, "num_partial_branches": 0, "covered_branches": 4, "missing_branches": 0, "percent_branches_covered": 100.0, "percent_branches_covered_display": "100"}, "missing_lines": [], "excluded_lines": [], "start_line": 12, "executed_branches": [[16, 17], [16, 19], [20, 21], [20, 31]], "missing_branches": []}, "_unix_to_date": {"executed_lines": [36, 37, 38, 39], "summary": {"covered_lines": 4, "num_statements": 4, "percent_covered": 100.0, "percent_covered_display": "100", "missing_lines": 0, "excluded_lines": 0, "percent_statements_covered": 100.0, "percent_statements_covered_display": "100", "num_branches": 0, "num_partial_branches": 0, "covered_branches": 0, "missing_branches": 0, "percent_branches_covered": 100.0, "percent_branches_covered_display": "100"}, "missing_lines": [], "excluded_lines": [], "start_line": 34, "executed_branches": [], "missing_branches": []}, "fetch_info": {"executed_lines": [55, 57, 60, 67, 68, 70, 93, 94], "summary": {"covered_lines": 8, "num_statements": 8, "percent_covered": 100.0, "percent_covered_display": "100", "missing_lines": 0, "excluded_lines": 0, "percent_statements_covered": 100.0, "percent_statements_covered_display": "100", "num_branches": 0, "num_partial_branches": 0, "covered_branches": 0, "missing_branches": 0, "percent_branches_covered": 100.0, "percent_branches_covered_display": "100"}, "missing_lines": [], "excluded_lines": [], "start_line": 50, "executed_branches": [], "missing_branches": []}, "fetch_earnings_dates": {"executed_lines": [99, 101, 102, 103, 104, 106, 107, 109, 110, 111, 112, 116, 124, 132, 133], "summary": {"covered_lines": 15, "num_statements": 17, "percent_covered": 90.47619047619048, "percent_covered_display": "90", "missing_lines": 2, "excluded_lines": 0, "percent_statements_covered": 88.23529411764706, "percent_statements_covered_display": "88", "num_branches": 4, "num_partial_branches": 0, "covered_branches": 4, "missing_branches": 0, "percent_branches_covered": 100.0, "percent_branches_covered_display": "100"}, "missing_lines": [113, 114], "excluded_lines": [], "start_line": 97, "executed_branches": [[106, 107], [106, 109], [110, 111], [110, 132]], "missing_branches": []}, "fetch_earnings_dates._float": {"executed_lines": [117, 118, 119, 120, 121, 122], "summary": {"covered_lines": 6, "num_statements": 6, "percent_covered": 100.0, "percent_covered_display": "100", "missing_lines": 0, "excluded_lines": 0, "percent_statements_covered": 100.0, "percent_statements_covered_display": "100", "num_branches": 0, "num_partial_branches": 0, "covered_branches": 0, "missing_branches": 0, "percent_branches_covered": 100.0, "percent_branches_covered_display": "100"}, "missing_lines": [], "excluded_lines": [], "start_line": 116, "executed_branches": [], "missing_branches": []}, "fetch_news": {"executed_lines": [138, 139, 140, 141, 142, 144, 145, 146, 147, 150, 151, 154, 155, 156, 159, 160, 161, 162, 163, 167, 168, 171, 174, 175, 176, 177, 178, 179, 181, 182, 183, 184, 186, 196, 197], "summary": {"covered_lines": 35, "num_statements": 37, "percent_covered": 95.74468085106383, "percent_covered_display": "96", "missing_lines": 2, "excluded_lines": 0, "percent_statements_covered": 94.5945945945946, "percent_statements_covered_display": "95", "num_branches": 10, "num_partial_branches": 0, "covered_branches": 10, "missing_branches": 0, "percent_branches_covered": 100.0, "percent_branches_covered_display": "100"}, "missing_lines": [164, 165], "excluded_lines": [], "start_line": 136, "executed_branches": [[142, 144], [142, 196], [146, 147], [146, 150], [160, 161], [160, 167], [177, 178], [177, 181], [182, 183], [182, 184]], "missing_branches": []}, "search_tickers": {"executed_lines": [201, 202, 203, 204, 205, 206, 207, 208, 209, 210, 211], "summary": {"covered_lines": 11, "num_statements": 11, "percent_covered": 100.0, "percent_covered_display": "100", "missing_lines": 0, "excluded_lines": 0, "percent_statements_covered": 100.0, "percent_statements_covered_display": "100", "num_branches": 4, "num_partial_branches": 0, "covered_branches": 4, "missing_branches": 0, "percent_branches_covered": 100.0, "percent_branches_covered_display": "100"}, "missing_lines": [], "excluded_lines": [], "start_line": 200, "executed_branches": [[204, 205], [204, 211], [207, 204], [207, 208]], "missing_branches": []}, "": {"executed_lines": [7, 8, 9, 12, 34, 42, 50, 97, 136, 200], "summary": {"covered_lines": 10, "num_statements": 10, "percent_covered": 100.0, "percent_covered_display": "100", "missing_lines": 0, "excluded_lines": 0, "percent_statements_covered": 100.0, "percent_statements_covered_display": "100", "num_branches": 0, "num_partial_branches": 0, "covered_branches": 0, "missing_branches": 0, "percent_branches_covered": 100.0, "percent_branches_covered_display": "100"}, "missing_lines": [], "excluded_lines": [], "start_line": 1, "executed_branches": [], "missing_branches": []}}, "classes": {"": {"executed_lines": [7, 8, 9, 12, 14, 16, 17, 19, 20, 21, 31, 34, 36, 37, 38, 39, 42, 50, 55, 57, 60, 67, 68, 70, 93, 94, 97, 99, 101, 102, 103, 104, 106, 107, 109, 110, 111, 112, 116, 117, 118, 119, 120, 121, 122, 124, 132, 133, 136, 138, 139, 140, 141, 142, 144, 145, 146, 147, 150, 151, 154, 155, 156, 159, 160, 161, 162, 163, 167, 168, 171, 174, 175, 176, 177, 178, 179, 181, 182, 183, 184, 186, 196, 197, 200, 201, 202, 203, 204, 205, 206, 207, 208, 209, 210, 211], "summary": {"covered_lines": 96, "num_statements": 100, "percent_covered": 96.72131147540983, "percent_covered_display": "97", "missing_lines": 4, "excluded_lines": 0, "percent_statements_covered": 96.0, "percent_statements_covered_display": "96", "num_branches": 22, "num_partial_branches": 0, "covered_branches": 22, "missing_branches": 0, "percent_branches_covered": 100.0, "percent_branches_covered_display": "100"}, "missing_lines": [113, 114, 164, 165], "excluded_lines": [], "start_line": 1, "executed_branches": [[16, 17], [16, 19], [20, 21], [20, 31], [106, 107], [106, 109], [110, 111], [110, 132], [142, 144], [142, 196], [146, 147], [146, 150], [160, 161], [160, 167], [177, 178], [177, 181], [182, 183], [182, 184], [204, 205], [204, 211], [207, 204], [207, 208]], "missing_branches": []}}}}, "totals": {"covered_lines": 2382, "num_statements": 2438, "percent_covered": 96.0104643557881, "percent_covered_display": "96", "missing_lines": 56, "excluded_lines": 0, "percent_statements_covered": 97.70303527481542, "percent_statements_covered_display": "98", "num_branches": 620, "num_partial_branches": 66, "covered_branches": 554, "missing_branches": 66, "percent_branches_covered": 89.35483870967742, "percent_branches_covered_display": "89"}}